2024-05-20 16:47:52,564 [INFO] Activator:176 - 


2024-05-20 16:47:52,571 [INFO] Activator:177 - !SESSION log4j initialized
2024-05-20 16:48:00,034 [INFO] LogOutputStream:77 - [STDOUT_REDIRECT] 
2024-05-20 16:48:03,129 [INFO] ApplicationProperties:184 - Using Application install path: C:\ST\STM32CubeIDE_1.15.0\STM32CubeIDE\plugins\com.st.stm32cube.common.mx_6.11.0.202403141607
2024-05-20 16:48:03,154 [INFO] DbMcusXml:78 - Set database path to: C:\ST\STM32CubeIDE_1.15.0\STM32CubeIDE\plugins\com.st.stm32cube.common.mx_6.11.0.202403141607\\db\/mcu/
2024-05-20 16:48:03,155 [INFO] ApiDb:274 - Set plugin database path to: C:\ST\STM32CubeIDE_1.15.0\STM32CubeIDE\plugins\com.st.stm32cube.common.mx_6.11.0.202403141607\\db\/plugins/boardmanager/
2024-05-20 16:48:03,156 [WARN] ApiDb:259 - Overriding images path with different value:  => C:\ST\STM32CubeIDE_1.15.0\STM32CubeIDE\plugins\com.st.stm32cube.common.mx_6.11.0.202403141607\\db\/plugins/mcufinder/images/
2024-05-20 16:48:03,169 [INFO] ApiDb:250 - Set database path to: C:\Users\racin\.stmcufinder\plugins\mcufinder//mcu/
2024-05-20 16:48:03,170 [INFO] DbMcusAds:125 - Set database path to: C:\Users\racin\.stmcufinder\plugins\mcufinder//mcu/
2024-05-20 16:48:03,172 [INFO] CrossReferenceDbSqlite:203 - Set database path to: C:\Users\racin\.stmcufinder\plugins\mcufinder//mcu/cs/
2024-05-20 16:48:03,321 [INFO] RulesReader:64 - Compatibility file has been processed (297 Rules)
2024-05-20 16:48:03,425 [INFO] DbMcusXml:78 - Set database path to: C:\ST\STM32CubeIDE_1.15.0\STM32CubeIDE\plugins\com.st.stm32cube.common.mx_6.11.0.202403141607\\db\/mcu/
2024-05-20 16:48:03,425 [INFO] ApiDb:274 - Set plugin database path to: C:\ST\STM32CubeIDE_1.15.0\STM32CubeIDE\plugins\com.st.stm32cube.common.mx_6.11.0.202403141607\\db\/plugins/boardmanager/
2024-05-20 16:48:03,425 [INFO] ApiDb:261 - Set plugin images path to: C:\ST\STM32CubeIDE_1.15.0\STM32CubeIDE\plugins\com.st.stm32cube.common.mx_6.11.0.202403141607\\db\/plugins/mcufinder/images/
2024-05-20 16:48:03,425 [WARN] DbFile:41 - Overriding database path with different value: C:\Users\racin\.stmcufinder\plugins\mcufinder/ => C:\Users\racin\.stmcufinder\plugins\mcufinder
2024-05-20 16:48:03,425 [INFO] ApiDb:250 - Set database path to: C:\Users\racin\.stmcufinder\plugins\mcufinder//mcu/
2024-05-20 16:48:03,425 [WARN] DbFile:41 - Overriding database path with different value: C:\Users\racin\.stmcufinder\plugins\mcufinder/ => C:\Users\racin\.stmcufinder\plugins\mcufinder
2024-05-20 16:48:03,425 [INFO] DbMcusAds:125 - Set database path to: C:\Users\racin\.stmcufinder\plugins\mcufinder//mcu/
2024-05-20 16:48:03,425 [WARN] DbFile:41 - Overriding database path with different value: C:\Users\racin\.stmcufinder\plugins\mcufinder/ => C:\Users\racin\.stmcufinder\plugins\mcufinder
2024-05-20 16:48:03,425 [WARN] DbFile:41 - Overriding database path with different value: C:\Users\racin\.stmcufinder\plugins\mcufinder/ => C:\Users\racin\.stmcufinder\plugins\mcufinder
2024-05-20 16:48:03,426 [INFO] CrossReferenceDbSqlite:203 - Set database path to: C:\Users\racin\.stmcufinder\plugins\mcufinder//mcu/cs/
2024-05-20 16:48:03,545 [INFO] MainPanel:264 - HeapMemory: 268435456
2024-05-20 16:48:03,662 [INFO] DbMcusXml:78 - Set database path to: C:\ST\STM32CubeIDE_1.15.0\STM32CubeIDE\plugins\com.st.stm32cube.common.mx_6.11.0.202403141607\\db\/mcu/
2024-05-20 16:48:03,662 [INFO] ApiDb:274 - Set plugin database path to: C:\ST\STM32CubeIDE_1.15.0\STM32CubeIDE\plugins\com.st.stm32cube.common.mx_6.11.0.202403141607\\db\/plugins/boardmanager/
2024-05-20 16:48:03,662 [INFO] ApiDb:261 - Set plugin images path to: C:\ST\STM32CubeIDE_1.15.0\STM32CubeIDE\plugins\com.st.stm32cube.common.mx_6.11.0.202403141607\\db\/plugins/mcufinder/images/
2024-05-20 16:48:03,663 [WARN] DbFile:41 - Overriding database path with different value: C:\Users\racin\.stmcufinder\plugins\mcufinder/ => C:\Users\racin\.stmcufinder\plugins\mcufinder
2024-05-20 16:48:03,663 [INFO] ApiDb:250 - Set database path to: C:\Users\racin\.stmcufinder\plugins\mcufinder//mcu/
2024-05-20 16:48:03,663 [WARN] DbFile:41 - Overriding database path with different value: C:\Users\racin\.stmcufinder\plugins\mcufinder/ => C:\Users\racin\.stmcufinder\plugins\mcufinder
2024-05-20 16:48:03,664 [INFO] DbMcusAds:125 - Set database path to: C:\Users\racin\.stmcufinder\plugins\mcufinder//mcu/
2024-05-20 16:48:03,664 [WARN] DbFile:41 - Overriding database path with different value: C:\Users\racin\.stmcufinder\plugins\mcufinder/ => C:\Users\racin\.stmcufinder\plugins\mcufinder
2024-05-20 16:48:03,664 [WARN] DbFile:41 - Overriding database path with different value: C:\Users\racin\.stmcufinder\plugins\mcufinder/ => C:\Users\racin\.stmcufinder\plugins\mcufinder
2024-05-20 16:48:03,664 [INFO] CrossReferenceDbSqlite:203 - Set database path to: C:\Users\racin\.stmcufinder\plugins\mcufinder//mcu/cs/
2024-05-20 16:48:03,688 [INFO] ApplicationProperties:184 - Using Application install path: C:\ST\STM32CubeIDE_1.15.0\STM32CubeIDE\plugins\com.st.stm32cube.common.mx_6.11.0.202403141607
2024-05-20 16:48:03,691 [INFO] PluginManage:196 - Search for loadable plugins [exclusion list=, ]
2024-05-20 16:48:03,693 [INFO] PluginManage:310 - Check plugin analytics
2024-05-20 16:48:03,984 [INFO] AnalyticsPlugin:253 - Accepted Software Licenses: 
2024-05-20 16:48:03,984 [INFO] AnalyticsPlugin:255 - Accepted CMSIS Pack Licenses: 
2024-05-20 16:48:03,985 [INFO] AnalyticsPlugin:257 - Accepted Firmware Licenses: 
2024-05-20 16:48:03,989 [INFO] PluginManage:359 - Loaded plugin analytics (category:tool,tabindex:-1)
2024-05-20 16:48:03,990 [INFO] PluginManage:310 - Check plugin cadmodel
2024-05-20 16:48:04,016 [INFO] CADModel:105 - Init CAD model plugin
2024-05-20 16:48:04,016 [INFO] PluginManage:359 - Loaded plugin cadmodel (category:power,tabindex:5)
2024-05-20 16:48:04,017 [INFO] PluginManage:310 - Check plugin clock
2024-05-20 16:48:04,042 [INFO] PluginManage:359 - Loaded plugin clock (category:base,tabindex:2)
2024-05-20 16:48:04,042 [INFO] PluginManage:310 - Check plugin ddr
2024-05-20 16:48:04,045 [INFO] PluginManage:359 - Loaded plugin ddr (category:tool,tabindex:6)
2024-05-20 16:48:04,045 [INFO] PluginManage:310 - Check plugin filemanager
2024-05-20 16:48:04,264 [INFO] PluginManage:359 - Loaded plugin filemanager (category:base,tabindex:10)
2024-05-20 16:48:04,265 [INFO] PluginManage:310 - Check plugin ipmanager
2024-05-20 16:48:04,273 [INFO] PluginManage:359 - Loaded plugin ipmanager (category:base,tabindex:5)
2024-05-20 16:48:04,273 [INFO] PluginManage:310 - Check plugin lpbam
2024-05-20 16:48:04,296 [INFO] PluginManage:359 - Loaded plugin lpbam (category:base,tabindex:0)
2024-05-20 16:48:04,297 [INFO] PluginManage:310 - Check plugin memorymap
2024-05-20 16:48:04,329 [INFO] PluginManage:359 - Loaded plugin memorymap (category:base,tabindex:4)
2024-05-20 16:48:04,330 [INFO] PluginManage:310 - Check plugin pinoutandconfiguration
2024-05-20 16:48:04,354 [INFO] PluginManage:359 - Loaded plugin pinoutandconfiguration (category:base,tabindex:1)
2024-05-20 16:48:04,354 [INFO] PluginManage:310 - Check plugin pinoutconfig
2024-05-20 16:48:04,502 [WARN] SupportedApi:132 - Cannot load RTOS API schema: s4s-elt-must-match.1: The content of 'definitions' must match (annotation?, (simpleType | complexType)?, (unique | key | keyref)*)). A problem was found starting at: attribute.
2024-05-20 16:48:04,724 [INFO] PluginManage:359 - Loaded plugin pinoutconfig (category:base,tabindex:0)
2024-05-20 16:48:04,725 [INFO] PluginManage:310 - Check plugin power
2024-05-20 16:48:04,756 [INFO] PluginManage:359 - Loaded plugin power (category:power,tabindex:4)
2024-05-20 16:48:04,757 [INFO] PluginManage:310 - Check plugin projectmanager
2024-05-20 16:48:04,794 [INFO] PluginManage:359 - Loaded plugin projectmanager (category:projectmanager,tabindex:3)
2024-05-20 16:48:04,794 [INFO] PluginManage:310 - Check plugin thirdparty
2024-05-20 16:48:05,228 [INFO] PluginManage:359 - Loaded plugin thirdparty (category:base,tabindex:-1)
2024-05-20 16:48:05,228 [INFO] PluginManage:310 - Check plugin tools
2024-05-20 16:48:05,234 [WARN] IntegrityCheckThread:84 - waiting for thirdparty lock release [integrity check]
2024-05-20 16:48:05,235 [INFO] IntegrityCheckThread:86 - entering critical section [integrity check]
2024-05-20 16:48:05,235 [INFO] ThirdPartyUpdaterWithRetryManager:70 - Updater plugin not ready yet. [1/15]
2024-05-20 16:48:05,284 [INFO] PluginManage:359 - Loaded plugin tools (category:base,tabindex:7)
2024-05-20 16:48:05,284 [INFO] PluginManage:310 - Check plugin tutovideos
2024-05-20 16:48:05,740 [INFO] PluginManage:359 - Loaded plugin tutovideos (category:base,tabindex:-1)
2024-05-20 16:48:05,740 [INFO] PluginManage:310 - Check plugin updater
2024-05-20 16:48:05,830 [INFO] PluginManage:359 - Loaded plugin updater (category:base,tabindex:12)
2024-05-20 16:48:05,830 [INFO] PluginManage:310 - Check plugin userauth
2024-05-20 16:48:05,837 [INFO] UserAuth:114 - Init User Auth plugin
2024-05-20 16:48:05,837 [INFO] PluginManage:359 - Loaded plugin userauth (category:base,tabindex:14)
2024-05-20 16:48:05,838 [INFO] PluginManage:283 - PluginManage : Loaded plugins [17]
2024-05-20 16:48:06,288 [INFO] PinOutPanel:1561 - setPackage(No Configuration,No Configuration)
2024-05-20 16:48:06,423 [INFO] CADModel:165 - CPN selected for project level
2024-05-20 16:48:06,423 [INFO] CADModel:114 - Register for checkConnection events
2024-05-20 16:48:06,466 [INFO] IPUIPlugin:80 - create IPUIPlugin
2024-05-20 16:48:06,466 [INFO] PluginManager:220 - loadIPPluginJar : add adc
2024-05-20 16:48:06,542 [INFO] IPUIPlugin:80 - create IPUIPlugin
2024-05-20 16:48:06,542 [INFO] PluginManager:220 - loadIPPluginJar : add aes
2024-05-20 16:48:06,602 [INFO] IPUIPlugin:80 - create IPUIPlugin
2024-05-20 16:48:06,602 [INFO] PluginManager:220 - loadIPPluginJar : add can
2024-05-20 16:48:06,651 [INFO] IPUIPlugin:80 - create IPUIPlugin
2024-05-20 16:48:06,653 [INFO] PluginManager:220 - loadIPPluginJar : add comp
2024-05-20 16:48:06,708 [INFO] IPUIPlugin:80 - create IPUIPlugin
2024-05-20 16:48:06,708 [INFO] PluginManager:220 - loadIPPluginJar : add cryp
2024-05-20 16:48:06,775 [INFO] IPUIPlugin:80 - create IPUIPlugin
2024-05-20 16:48:06,775 [INFO] PluginManager:220 - loadIPPluginJar : add dfsdm
2024-05-20 16:48:06,798 [INFO] IPUIPlugin:80 - create IPUIPlugin
2024-05-20 16:48:06,799 [INFO] PluginManager:220 - loadIPPluginJar : add dma
2024-05-20 16:48:06,869 [INFO] IPUIPlugin:80 - create IPUIPlugin
2024-05-20 16:48:06,869 [INFO] PluginManager:220 - loadIPPluginJar : add dma3
2024-05-20 16:48:06,933 [INFO] IPUIPlugin:80 - create IPUIPlugin
2024-05-20 16:48:06,934 [INFO] PluginManager:220 - loadIPPluginJar : add extmemmanager
2024-05-20 16:48:06,985 [INFO] IPUIPlugin:80 - create IPUIPlugin
2024-05-20 16:48:06,985 [INFO] PluginManager:220 - loadIPPluginJar : add fatfs
2024-05-20 16:48:07,053 [INFO] IPUIPlugin:80 - create IPUIPlugin
2024-05-20 16:48:07,053 [INFO] PluginManager:220 - loadIPPluginJar : add fmc
2024-05-20 16:48:07,074 [INFO] IPUIPlugin:80 - create IPUIPlugin
2024-05-20 16:48:07,074 [INFO] PluginManager:220 - loadIPPluginJar : add freertos
2024-05-20 16:48:07,104 [INFO] IPUIPlugin:80 - create IPUIPlugin
2024-05-20 16:48:07,104 [INFO] PluginManager:220 - loadIPPluginJar : add genericplugin
2024-05-20 16:48:07,265 [INFO] IPUIPlugin:80 - create IPUIPlugin
2024-05-20 16:48:07,265 [INFO] PluginManager:220 - loadIPPluginJar : add gfxmmu
2024-05-20 16:48:07,505 [INFO] IPUIPlugin:80 - create IPUIPlugin
2024-05-20 16:48:07,505 [INFO] PluginManager:220 - loadIPPluginJar : add gic
2024-05-20 16:48:07,535 [INFO] IPUIPlugin:80 - create IPUIPlugin
2024-05-20 16:48:07,536 [INFO] PluginManager:220 - loadIPPluginJar : add gpio
2024-05-20 16:48:07,660 [INFO] IPUIPlugin:80 - create IPUIPlugin
2024-05-20 16:48:07,660 [INFO] PluginManager:220 - loadIPPluginJar : add gtzc
2024-05-20 16:48:07,711 [INFO] IPUIPlugin:80 - create IPUIPlugin
2024-05-20 16:48:07,711 [INFO] PluginManager:220 - loadIPPluginJar : add hash
2024-05-20 16:48:07,793 [INFO] IPUIPlugin:80 - create IPUIPlugin
2024-05-20 16:48:07,793 [INFO] PluginManager:220 - loadIPPluginJar : add i2c
2024-05-20 16:48:07,866 [INFO] IPUIPlugin:80 - create IPUIPlugin
2024-05-20 16:48:07,867 [INFO] PluginManager:220 - loadIPPluginJar : add i2s
2024-05-20 16:48:07,924 [INFO] IPUIPlugin:80 - create IPUIPlugin
2024-05-20 16:48:07,924 [INFO] PluginManager:220 - loadIPPluginJar : add i3c
2024-05-20 16:48:08,113 [INFO] IPUIPlugin:80 - create IPUIPlugin
2024-05-20 16:48:08,113 [INFO] PluginManager:220 - loadIPPluginJar : add ipddr
2024-05-20 16:48:08,237 [INFO] ThirdPartyUpdaterWithRetryManager:70 - Updater plugin not ready yet. [2/15]
2024-05-20 16:48:08,252 [INFO] IPUIPlugin:80 - create IPUIPlugin
2024-05-20 16:48:08,252 [INFO] PluginManager:220 - loadIPPluginJar : add linkedlist
2024-05-20 16:48:08,312 [INFO] IPUIPlugin:80 - create IPUIPlugin
2024-05-20 16:48:08,313 [INFO] PluginManager:220 - loadIPPluginJar : add lorawan
2024-05-20 16:48:08,363 [INFO] IPUIPlugin:80 - create IPUIPlugin
2024-05-20 16:48:08,363 [INFO] PluginManager:220 - loadIPPluginJar : add ltdc
2024-05-20 16:48:08,383 [INFO] IPUIPlugin:80 - create IPUIPlugin
2024-05-20 16:48:08,383 [INFO] PluginManager:220 - loadIPPluginJar : add mdma
2024-05-20 16:48:08,408 [INFO] IPUIPlugin:80 - create IPUIPlugin
2024-05-20 16:48:08,409 [INFO] PluginManager:220 - loadIPPluginJar : add nvic
2024-05-20 16:48:08,459 [INFO] IPUIPlugin:80 - create IPUIPlugin
2024-05-20 16:48:08,459 [INFO] PluginManager:220 - loadIPPluginJar : add opamp
2024-05-20 16:48:08,585 [INFO] IPUIPlugin:80 - create IPUIPlugin
2024-05-20 16:48:08,585 [INFO] PluginManager:220 - loadIPPluginJar : add openamp
2024-05-20 16:48:08,703 [INFO] IPUIPlugin:80 - create IPUIPlugin
2024-05-20 16:48:08,703 [INFO] PluginManager:220 - loadIPPluginJar : add pdm2pcm
2024-05-20 16:48:08,732 [INFO] IPUIPlugin:80 - create IPUIPlugin
2024-05-20 16:48:08,736 [INFO] PluginManager:220 - loadIPPluginJar : add plateformsettings
2024-05-20 16:48:08,775 [INFO] IPUIPlugin:80 - create IPUIPlugin
2024-05-20 16:48:08,775 [INFO] PluginManager:220 - loadIPPluginJar : add quadspi
2024-05-20 16:48:08,793 [INFO] IPUIPlugin:80 - create IPUIPlugin
2024-05-20 16:48:08,794 [INFO] PluginManager:220 - loadIPPluginJar : add resmgrutility
2024-05-20 16:48:08,887 [INFO] IPUIPlugin:80 - create IPUIPlugin
2024-05-20 16:48:08,887 [INFO] PluginManager:220 - loadIPPluginJar : add sai
2024-05-20 16:48:08,947 [INFO] IPUIPlugin:80 - create IPUIPlugin
2024-05-20 16:48:08,948 [INFO] PluginManager:220 - loadIPPluginJar : add spi
2024-05-20 16:48:09,057 [INFO] IPUIPlugin:80 - create IPUIPlugin
2024-05-20 16:48:09,057 [INFO] PluginManager:220 - loadIPPluginJar : add stm32_wpan
2024-05-20 16:48:09,096 [INFO] IPUIPlugin:80 - create IPUIPlugin
2024-05-20 16:48:09,096 [INFO] PluginManager:220 - loadIPPluginJar : add tim
2024-05-20 16:48:09,212 [INFO] IPUIPlugin:80 - create IPUIPlugin
2024-05-20 16:48:09,212 [INFO] PluginManager:220 - loadIPPluginJar : add touchsensing
2024-05-20 16:48:09,243 [INFO] IPUIPlugin:80 - create IPUIPlugin
2024-05-20 16:48:09,243 [INFO] PluginManager:220 - loadIPPluginJar : add tracer_emb
2024-05-20 16:48:09,281 [INFO] IPUIPlugin:80 - create IPUIPlugin
2024-05-20 16:48:09,281 [INFO] PluginManager:220 - loadIPPluginJar : add ts
2024-05-20 16:48:09,325 [INFO] IPUIPlugin:80 - create IPUIPlugin
2024-05-20 16:48:09,325 [INFO] PluginManager:220 - loadIPPluginJar : add tsc
2024-05-20 16:48:09,355 [INFO] IPUIPlugin:80 - create IPUIPlugin
2024-05-20 16:48:09,355 [INFO] PluginManager:220 - loadIPPluginJar : add ucpd
2024-05-20 16:48:09,440 [INFO] IPUIPlugin:80 - create IPUIPlugin
2024-05-20 16:48:09,441 [INFO] PluginManager:220 - loadIPPluginJar : add usart
2024-05-20 16:48:09,522 [INFO] IPUIPlugin:80 - create IPUIPlugin
2024-05-20 16:48:09,522 [INFO] PluginManager:220 - loadIPPluginJar : add usbx
2024-05-20 16:48:09,759 [INFO] CADModel:165 - CPN selected for project level
2024-05-20 16:48:09,759 [INFO] CADModel:114 - Register for checkConnection events
2024-05-20 16:48:09,760 [FATAL] Updater:308 - Updater called before beeing initialized
2024-05-20 16:48:09,760 [ERROR] CADModel:125 - Updater not yet initialized, retry later 
2024-05-20 16:48:09,944 [INFO] CADModel:165 - CPN selected for project level
2024-05-20 16:48:09,944 [INFO] CADModel:114 - Register for checkConnection events
2024-05-20 16:48:09,945 [FATAL] Updater:308 - Updater called before beeing initialized
2024-05-20 16:48:09,945 [ERROR] CADModel:125 - Updater not yet initialized, retry later 
2024-05-20 16:48:09,948 [FATAL] Updater:308 - Updater called before beeing initialized
2024-05-20 16:48:10,146 [FATAL] Updater:308 - Updater called before beeing initialized
2024-05-20 16:48:10,158 [INFO] DbMcusAds:53 - JSON generation date=Thu Sep 30 08:55:09 CEST 2021 (1632984909247)
2024-05-20 16:48:10,158 [FATAL] Updater:308 - Updater called before beeing initialized
2024-05-20 16:48:10,255 [WARN] DetailPanel:346 - Failed to get advertising image, set to default
2024-05-20 16:48:10,357 [FATAL] Updater:308 - Updater called before beeing initialized
2024-05-20 16:48:10,359 [FATAL] Updater:308 - Updater called before beeing initialized
2024-05-20 16:48:10,359 [FATAL] Updater:308 - Updater called before beeing initialized
2024-05-20 16:48:10,359 [WARN] DetailPanel:346 - Failed to get advertising image, set to default
2024-05-20 16:48:10,360 [FATAL] Updater:308 - Updater called before beeing initialized
2024-05-20 16:48:10,428 [ERROR] Updater:1120 - MainUpdater not yet initialized. External WinMGr cannot be set.
2024-05-20 16:48:10,439 [INFO] Updater:1056 - Updater Version found : 6.11.0
2024-05-20 16:48:10,463 [INFO] ApplicationProperties:184 - Using Application install path: C:\ST\STM32CubeIDE_1.15.0\STM32CubeIDE\plugins\com.st.stm32cube.common.mx_6.11.0.202403141607
2024-05-20 16:48:11,239 [INFO] ThirdPartyUpdaterWithRetryManager:70 - Updater plugin not ready yet. [3/15]
2024-05-20 16:48:12,042 [ERROR] LogOutputStream:75 - [STDERR_REDIRECT] May 20, 2024 4:48:12 PM java.util.prefs.WindowsPreferences <init>
2024-05-20 16:48:12,044 [ERROR] LogOutputStream:75 - [STDERR_REDIRECT] WARNING: Could not open/create prefs root node Software\JavaSoft\Prefs at root 0xffffffff80000002. Windows RegCreateKeyEx(...) returned error code 5.
2024-05-20 16:48:12,045 [ERROR] LogOutputStream:75 - [STDERR_REDIRECT] 
2024-05-20 16:48:12,370 [INFO] MainUpdater:2873 - connection check result : 10
2024-05-20 16:48:12,371 [INFO] MainUpdater:3567 - Updater definition file requires update
2024-05-20 16:48:12,372 [INFO] MainUpdater:290 - Updater Check For Update Now.
2024-05-20 16:48:12,372 [INFO] MicroXplorer:498 - Change Database Version : DB.6.0.110
2024-05-20 16:48:12,393 [INFO] McuFinderGlobals:63 - Set McuFinder mode to 2 (CubeIDE integrated)
2024-05-20 16:48:12,403 [INFO] UserAuth:415 - Internet connection configuration mode: 1
2024-05-20 16:48:12,423 [INFO] ServerAccessManage:473 - Download File updaters.zip
2024-05-20 16:48:12,428 [INFO] JxBrowserEngine:152 - Initiate JxBrowser Engine with user profile folder
2024-05-20 16:48:12,490 [INFO] FileExtend:240 - Unzip File : updaters.zip
2024-05-20 16:48:12,491 [INFO] FileExtend:255 - Standard Zip Deflate
2024-05-20 16:48:12,887 [INFO] ServerAccessManage:473 - Download File PacksControlFlags.xml
2024-05-20 16:48:12,969 [INFO] ServerAccessManage:473 - Download File cubemx.pidx
2024-05-20 16:48:13,492 [INFO] ServerAccessManage:473 - Download File STMicroelectronics.X-CUBE-ALS.pdsc
2024-05-20 16:48:13,919 [INFO] ServerAccessManage:473 - Download File STMicroelectronics.X-CUBE-FREERTOS.pdsc
2024-05-20 16:48:14,241 [WARN] MainUpdater:1194 - Updater busy. Cannot search thirdparties
2024-05-20 16:48:14,241 [INFO] ThirdPartyUpdaterWithRetryManager:96 - Updater plugin is busy. [1/15]
2024-05-20 16:48:14,465 [INFO] ServerAccessManage:473 - Download File STMicroelectronics.X-CUBE-ALGOBUILD.pdsc
2024-05-20 16:48:15,688 [INFO] ServerAccessManage:473 - Download File Cesanta.I-CUBE-Mongoose.pdsc
2024-05-20 16:48:16,374 [WARN] PackLoader:240 - Cannot read IP mode file for STMicroelectronics.X-CUBE-ALS.1.0.2
2024-05-20 16:48:16,384 [WARN] PackLoader:240 - Cannot read IP mode file for STMicroelectronics.X-CUBE-FREERTOS.1.2.0
2024-05-20 16:48:16,392 [WARN] PackLoader:240 - Cannot read IP mode file for STMicroelectronics.X-CUBE-ALGOBUILD.1.4.0
2024-05-20 16:48:16,398 [WARN] PackLoader:240 - Cannot read IP mode file for Cesanta.I-CUBE-Mongoose.7.13.0
2024-05-20 16:48:16,398 [INFO] PopulateThirdPartyThread:66 - Ending populate Thread
2024-05-20 16:48:16,400 [INFO] ThirdParty:1030 - CMSIS Pack Vendor :STMicroelectronics X-CUBE-ALS 1.0.2
2024-05-20 16:48:16,400 [INFO] ThirdParty:1030 - CMSIS Pack Vendor :STMicroelectronics X-CUBE-FREERTOS 1.2.0
2024-05-20 16:48:16,400 [INFO] ThirdParty:1030 - CMSIS Pack Vendor :Cesanta I-CUBE-Mongoose 7.13.0
2024-05-20 16:48:16,400 [INFO] ThirdParty:1030 - CMSIS Pack Vendor :STMicroelectronics X-CUBE-ALGOBUILD 1.4.0
2024-05-20 16:48:16,400 [INFO] LoadServerUpdatesThread:375 - End of LoadServerUpdate Thread
2024-05-20 16:48:16,685 [INFO] CheckServerUpdateThread:120 - End of CheckServer Thread
2024-05-20 16:48:17,402 [WARN] PackLoader:240 - Cannot read IP mode file for STMicroelectronics.FP-SNS-MOTENVWB1.1.4.0
2024-05-20 16:48:17,428 [WARN] PackLoader:240 - Cannot read IP mode file for STMicroelectronics.X-CUBE-SMBUS.2.1.0
2024-05-20 16:48:17,442 [WARN] PackLoader:240 - Cannot read IP mode file for STMicroelectronics.X-CUBE-TOUCHGFX.4.23.2
2024-05-20 16:48:17,480 [WARN] PackLoader:240 - Cannot read IP mode file for STMicroelectronics.X-CUBE-AZRTOS-F7.1.1.0
2024-05-20 16:48:17,491 [WARN] PackLoader:240 - Cannot read IP mode file for STMicroelectronics.FP-SNS-FLIGHT1.5.0.2
2024-05-20 16:48:17,508 [WARN] PackLoader:240 - Cannot read IP mode file for STMicroelectronics.X-CUBE-DISPLAY.3.0.0
2024-05-20 16:48:17,529 [WARN] PackLoader:240 - Cannot read IP mode file for STMicroelectronics.X-CUBE-BLE1.7.0.0
2024-05-20 16:48:17,547 [WARN] PackLoader:240 - Cannot read IP mode file for emotas.I-CUBE-CANOPEN.1.3.0
2024-05-20 16:48:17,564 [WARN] PackLoader:240 - Cannot read IP mode file for STMicroelectronics.X-CUBE-BLEMGR.3.1.0
2024-05-20 16:48:17,580 [WARN] PackLoader:240 - Cannot read IP mode file for STMicroelectronics.FP-SNS-SMARTAG2.1.2.0
2024-05-20 16:48:17,599 [INFO] LogOutputStream:77 - [STDOUT_REDIRECT] 1 : Invalid condition id : UX_CORESTACK_Condition cause : null
2024-05-20 16:48:17,599 [INFO] LogOutputStream:77 - [STDOUT_REDIRECT] 1 : Invalid condition id : UX_CORESTACK_Condition cause : null
2024-05-20 16:48:17,601 [INFO] LogOutputStream:77 - [STDOUT_REDIRECT] 1 : Invalid condition id : UX_CORESTACK_Condition cause : null
2024-05-20 16:48:17,602 [INFO] LogOutputStream:77 - [STDOUT_REDIRECT] 1 : Invalid condition id : UX_CORESTACK_Condition cause : null
2024-05-20 16:48:17,604 [INFO] LogOutputStream:77 - [STDOUT_REDIRECT] 1 : Invalid condition id : UX_CORESTACK_Condition cause : null
2024-05-20 16:48:17,609 [WARN] PackLoader:240 - Cannot read IP mode file for STMicroelectronics.X-CUBE-AZRTOS-WL.2.0.0
2024-05-20 16:48:17,623 [WARN] PackLoader:240 - Cannot read IP mode file for STMicroelectronics.FP-SNS-MOTENV1.5.0.0
2024-05-20 16:48:17,637 [WARN] PackLoader:240 - Cannot read IP mode file for WES.I-CUBE-Cesium.1.3.0
2024-05-20 16:48:17,650 [WARN] PackLoader:240 - Cannot read IP mode file for STMicroelectronics.X-CUBE-BLE2.3.3.0
2024-05-20 16:48:17,662 [WARN] PackLoader:240 - Cannot read IP mode file for STMicroelectronics.X-CUBE-TCPP.4.1.0
2024-05-20 16:48:17,677 [WARN] PackLoader:240 - Cannot read IP mode file for STMicroelectronics.X-CUBE-ALGOBUILD.1.3.0
2024-05-20 16:48:17,705 [WARN] PackLoader:240 - Cannot read IP mode file for STMicroelectronics.X-CUBE-AZRTOS-G0.1.1.0
2024-05-20 16:48:17,725 [WARN] PackLoader:240 - Cannot read IP mode file for STMicroelectronics.X-CUBE-SAFEA1.1.2.2
2024-05-20 16:48:17,739 [WARN] PackLoader:240 - Cannot read IP mode file for STMicroelectronics.X-CUBE-NFC4.3.0.0
2024-05-20 16:48:17,752 [WARN] PackLoader:240 - Cannot read IP mode file for wolfSSL.I-CUBE-wolfSSL.5.7.0
2024-05-20 16:48:17,769 [WARN] PackLoader:240 - Cannot read IP mode file for STMicroelectronics.FP-ATR-SIGFOX1.3.2.0
2024-05-20 16:48:17,783 [WARN] PackLoader:240 - Cannot read IP mode file for STMicroelectronics.X-CUBE-EEPRMA1.5.1.0
2024-05-20 16:48:17,808 [WARN] PackLoader:240 - Cannot read IP mode file for ITTIA_DB.I-CUBE-ITTIADB.8.9.0
2024-05-20 16:48:17,845 [WARN] PackLoader:240 - Cannot read IP mode file for SEGGER.I-CUBE-embOS.1.3.1
2024-05-20 16:48:17,888 [WARN] PackLoader:240 - Cannot read IP mode file for STMicroelectronics.X-CUBE-ALGOBUILD.1.4.0
2024-05-20 16:48:17,920 [WARN] PackLoader:240 - Cannot read IP mode file for STMicroelectronics.X-CUBE-GNSS1.6.0.0
2024-05-20 16:48:17,948 [WARN] PackLoader:240 - Cannot read IP mode file for STMicroelectronics.X-CUBE-AZRTOS-F4.1.1.0
2024-05-20 16:48:17,957 [WARN] PackLoader:240 - Cannot read IP mode file for STMicroelectronics.X-CUBE-FREERTOS.1.2.0
2024-05-20 16:48:17,989 [WARN] PackLoader:240 - Cannot read IP mode file for STMicroelectronics.X-CUBE-AZRTOS-L5.2.0.0
2024-05-20 16:48:18,006 [WARN] PackLoader:240 - Cannot read IP mode file for STMicroelectronics.X-CUBE-NFC6.3.1.0
2024-05-20 16:48:18,021 [WARN] PackLoader:240 - Cannot read IP mode file for STMicroelectronics.X-CUBE-AI.9.0.0
2024-05-20 16:48:18,034 [WARN] PackLoader:240 - Cannot read IP mode file for STMicroelectronics.X-CUBE-NFC7.1.0.1
2024-05-20 16:48:18,046 [WARN] PackLoader:240 - Cannot read IP mode file for STMicroelectronics.X-CUBE-AI.8.1.0
2024-05-20 16:48:18,081 [WARN] ConditionMgr:438 - getConditionDescription Invalid condition id : LAN8742 Phy interface Condition cause : null
2024-05-20 16:48:18,081 [WARN] PackLoader:240 - Cannot read IP mode file for STMicroelectronics.X-CUBE-AZRTOS-L4.2.0.0
2024-05-20 16:48:18,082 [WARN] ConditionMgr:1039 - genDependencies : Invalid condition id : LAN8742 Phy interface Condition cause : null
2024-05-20 16:48:18,083 [WARN] ConditionMgr:1039 - genDependencies : Invalid condition id : LAN8742 Phy interface Condition cause : null
2024-05-20 16:48:18,083 [WARN] ConditionMgr:1039 - genDependencies : Invalid condition id : LAN8742 Phy interface Condition cause : null
2024-05-20 16:48:18,098 [WARN] PackLoader:240 - Cannot read IP mode file for STMicroelectronics.X-CUBE-SFXS2LP1.4.0.0
2024-05-20 16:48:18,127 [WARN] ConditionMgr:438 - getConditionDescription Invalid condition id : UX DEVICE CLASS RTOS Condition cause : null
2024-05-20 16:48:18,127 [WARN] ConditionMgr:438 - getConditionDescription Invalid condition id : UX DEVICE CLASS RTOS Condition cause : null
2024-05-20 16:48:18,129 [WARN] PackLoader:240 - Cannot read IP mode file for STMicroelectronics.X-CUBE-AZRTOS-WB.2.0.0
2024-05-20 16:48:18,130 [WARN] ConditionMgr:1039 - genDependencies : Invalid condition id : UX DEVICE CLASS RTOS Condition cause : null
2024-05-20 16:48:18,130 [WARN] ConditionMgr:1039 - genDependencies : Invalid condition id : UX DEVICE CLASS RTOS Condition cause : null
2024-05-20 16:48:18,130 [WARN] ConditionMgr:1039 - genDependencies : Invalid condition id : UX DEVICE CLASS RTOS Condition cause : null
2024-05-20 16:48:18,130 [WARN] ConditionMgr:1039 - genDependencies : Invalid condition id : UX DEVICE CLASS RTOS Condition cause : null
2024-05-20 16:48:18,130 [WARN] ConditionMgr:1039 - genDependencies : Invalid condition id : UX DEVICE CLASS RTOS Condition cause : null
2024-05-20 16:48:18,151 [WARN] PackLoader:240 - Cannot read IP mode file for STMicroelectronics.X-CUBE-SUBG2.5.0.0
2024-05-20 16:48:18,158 [WARN] PackLoader:240 - Cannot read IP mode file for Cesanta.I-CUBE-Mongoose.7.13.0
2024-05-20 16:48:18,186 [WARN] PackLoader:240 - Cannot read IP mode file for STMicroelectronics.X-CUBE-AZRTOS-G4.2.0.0
2024-05-20 16:48:18,201 [WARN] PackLoader:240 - Cannot read IP mode file for STMicroelectronics.FP-SNS-MOTENVWB1.1.3.1
2024-05-20 16:48:18,215 [WARN] PackLoader:240 - Cannot read IP mode file for STMicroelectronics.X-CUBE-ISPU.2.0.0
2024-05-20 16:48:18,218 [WARN] PackLoader:240 - Cannot read IP mode file for STMicroelectronics.X-CUBE-ALS.1.0.2
2024-05-20 16:48:19,704 [WARN] PackLoader:240 - Cannot read IP mode file for STMicroelectronics.X-CUBE-MEMS1.10.0.0
2024-05-20 16:48:19,844 [WARN] PackLoader:240 - Cannot read IP mode file for STMicroelectronics.X-CUBE-FREERTOS.1.1.0
2024-05-20 16:48:19,859 [WARN] PackLoader:240 - Cannot read IP mode file for portGmbH.I-Cube-SoM-uGOAL.1.1.0
2024-05-20 16:48:20,116 [WARN] PackLoader:240 - Cannot read IP mode file for STMicroelectronics.X-CUBE-ALS.1.0.1
2024-05-20 16:48:20,194 [INFO] WebApp:161 - Instantiating new browser for Auth
2024-05-20 16:48:20,389 [WARN] PackLoader:240 - Cannot read IP mode file for STMicroelectronics.X-CUBE-AZRTOS-H7RS.1.0.0
2024-05-20 16:48:20,395 [WARN] PackLoader:240 - Cannot read IP mode file for STMicroelectronics.FP-ATR-ASTRA1.2.0.0
2024-05-20 16:48:20,451 [WARN] PackLoader:240 - Cannot read IP mode file for STMicroelectronics.X-CUBE-TOF1.3.4.1
2024-05-20 16:48:20,537 [WARN] PackLoader:240 - Cannot read IP mode file for STMicroelectronics.X-CUBE-AZRTOS-H7.3.2.0
2024-05-20 16:48:20,578 [WARN] PackLoader:240 - Cannot read IP mode file for Infineon.AIROC-Wi-Fi-Bluetooth-STM32.1.6.0
2024-05-20 16:48:20,587 [INFO] ThirdParty:978 - Integrity check success = true
2024-05-20 16:48:20,587 [INFO] IntegrityCheckThread:100 - exiting critical section [integrity check]
2024-05-20 16:48:20,587 [INFO] IntegrityCheckThread:103 - End integrity checks thread
2024-05-20 16:48:21,592 [INFO] WebApp:779 - Register for checkConnection events
2024-05-20 16:48:21,592 [INFO] WebApp:414 - Apply proxy settings
2024-05-20 16:48:21,592 [INFO] WebApp:499 - Chromium requires no authentication
2024-05-20 16:48:21,603 [INFO] WebApp:442 - Direct internet connection detected
2024-05-20 16:48:21,826 [INFO] WebApp:192 - Starting web application
2024-05-20 16:48:21,826 [INFO] WebApp:544 - Web application path used C:\ST\STM32CubeIDE_1.15.0\STM32CubeIDE\plugins\com.st.stm32cube.common.mx_6.11.0.202403141607\db\plugins\mcufinder\reactClient1\index.html
