2024-06-12 21:42:18,621 [INFO] Activator:176 - 


2024-06-12 21:42:18,628 [INFO] Activator:177 - !SESSION log4j initialized
2024-06-12 21:42:25,817 [INFO] LogOutputStream:77 - [STDOUT_REDIRECT] 
2024-06-12 21:42:29,707 [INFO] ApplicationProperties:184 - Using Application install path: C:\ST\STM32CubeIDE_1.15.0\STM32CubeIDE\plugins\com.st.stm32cube.common.mx_6.11.0.202403141607
2024-06-12 21:42:29,728 [INFO] DbMcusXml:78 - Set database path to: C:\ST\STM32CubeIDE_1.15.0\STM32CubeIDE\plugins\com.st.stm32cube.common.mx_6.11.0.202403141607\\db\/mcu/
2024-06-12 21:42:29,728 [INFO] ApiDb:274 - Set plugin database path to: C:\ST\STM32CubeIDE_1.15.0\STM32CubeIDE\plugins\com.st.stm32cube.common.mx_6.11.0.202403141607\\db\/plugins/boardmanager/
2024-06-12 21:42:29,729 [WARN] ApiDb:259 - Overriding images path with different value:  => C:\ST\STM32CubeIDE_1.15.0\STM32CubeIDE\plugins\com.st.stm32cube.common.mx_6.11.0.202403141607\\db\/plugins/mcufinder/images/
2024-06-12 21:42:29,738 [INFO] ApiDb:250 - Set database path to: C:\Users\racin\.stmcufinder\plugins\mcufinder//mcu/
2024-06-12 21:42:29,739 [INFO] DbMcusAds:125 - Set database path to: C:\Users\racin\.stmcufinder\plugins\mcufinder//mcu/
2024-06-12 21:42:29,742 [INFO] CrossReferenceDbSqlite:203 - Set database path to: C:\Users\racin\.stmcufinder\plugins\mcufinder//mcu/cs/
2024-06-12 21:42:29,901 [INFO] RulesReader:64 - Compatibility file has been processed (297 Rules)
2024-06-12 21:42:30,073 [INFO] DbMcusXml:78 - Set database path to: C:\ST\STM32CubeIDE_1.15.0\STM32CubeIDE\plugins\com.st.stm32cube.common.mx_6.11.0.202403141607\\db\/mcu/
2024-06-12 21:42:30,073 [INFO] ApiDb:274 - Set plugin database path to: C:\ST\STM32CubeIDE_1.15.0\STM32CubeIDE\plugins\com.st.stm32cube.common.mx_6.11.0.202403141607\\db\/plugins/boardmanager/
2024-06-12 21:42:30,074 [INFO] ApiDb:261 - Set plugin images path to: C:\ST\STM32CubeIDE_1.15.0\STM32CubeIDE\plugins\com.st.stm32cube.common.mx_6.11.0.202403141607\\db\/plugins/mcufinder/images/
2024-06-12 21:42:30,074 [WARN] DbFile:41 - Overriding database path with different value: C:\Users\racin\.stmcufinder\plugins\mcufinder/ => C:\Users\racin\.stmcufinder\plugins\mcufinder
2024-06-12 21:42:30,074 [INFO] ApiDb:250 - Set database path to: C:\Users\racin\.stmcufinder\plugins\mcufinder//mcu/
2024-06-12 21:42:30,074 [WARN] DbFile:41 - Overriding database path with different value: C:\Users\racin\.stmcufinder\plugins\mcufinder/ => C:\Users\racin\.stmcufinder\plugins\mcufinder
2024-06-12 21:42:30,074 [INFO] DbMcusAds:125 - Set database path to: C:\Users\racin\.stmcufinder\plugins\mcufinder//mcu/
2024-06-12 21:42:30,074 [WARN] DbFile:41 - Overriding database path with different value: C:\Users\racin\.stmcufinder\plugins\mcufinder/ => C:\Users\racin\.stmcufinder\plugins\mcufinder
2024-06-12 21:42:30,074 [WARN] DbFile:41 - Overriding database path with different value: C:\Users\racin\.stmcufinder\plugins\mcufinder/ => C:\Users\racin\.stmcufinder\plugins\mcufinder
2024-06-12 21:42:30,074 [INFO] CrossReferenceDbSqlite:203 - Set database path to: C:\Users\racin\.stmcufinder\plugins\mcufinder//mcu/cs/
2024-06-12 21:42:30,208 [INFO] MainPanel:264 - HeapMemory: 374341632
2024-06-12 21:42:30,431 [INFO] DbMcusXml:78 - Set database path to: C:\ST\STM32CubeIDE_1.15.0\STM32CubeIDE\plugins\com.st.stm32cube.common.mx_6.11.0.202403141607\\db\/mcu/
2024-06-12 21:42:30,431 [INFO] ApiDb:274 - Set plugin database path to: C:\ST\STM32CubeIDE_1.15.0\STM32CubeIDE\plugins\com.st.stm32cube.common.mx_6.11.0.202403141607\\db\/plugins/boardmanager/
2024-06-12 21:42:30,431 [INFO] ApiDb:261 - Set plugin images path to: C:\ST\STM32CubeIDE_1.15.0\STM32CubeIDE\plugins\com.st.stm32cube.common.mx_6.11.0.202403141607\\db\/plugins/mcufinder/images/
2024-06-12 21:42:30,431 [WARN] DbFile:41 - Overriding database path with different value: C:\Users\racin\.stmcufinder\plugins\mcufinder/ => C:\Users\racin\.stmcufinder\plugins\mcufinder
2024-06-12 21:42:30,432 [INFO] ApiDb:250 - Set database path to: C:\Users\racin\.stmcufinder\plugins\mcufinder//mcu/
2024-06-12 21:42:30,432 [WARN] DbFile:41 - Overriding database path with different value: C:\Users\racin\.stmcufinder\plugins\mcufinder/ => C:\Users\racin\.stmcufinder\plugins\mcufinder
2024-06-12 21:42:30,432 [INFO] DbMcusAds:125 - Set database path to: C:\Users\racin\.stmcufinder\plugins\mcufinder//mcu/
2024-06-12 21:42:30,432 [WARN] DbFile:41 - Overriding database path with different value: C:\Users\racin\.stmcufinder\plugins\mcufinder/ => C:\Users\racin\.stmcufinder\plugins\mcufinder
2024-06-12 21:42:30,432 [WARN] DbFile:41 - Overriding database path with different value: C:\Users\racin\.stmcufinder\plugins\mcufinder/ => C:\Users\racin\.stmcufinder\plugins\mcufinder
2024-06-12 21:42:30,432 [INFO] CrossReferenceDbSqlite:203 - Set database path to: C:\Users\racin\.stmcufinder\plugins\mcufinder//mcu/cs/
2024-06-12 21:42:30,465 [INFO] ApplicationProperties:184 - Using Application install path: C:\ST\STM32CubeIDE_1.15.0\STM32CubeIDE\plugins\com.st.stm32cube.common.mx_6.11.0.202403141607
2024-06-12 21:42:30,468 [INFO] PluginManage:196 - Search for loadable plugins [exclusion list=, ]
2024-06-12 21:42:30,469 [INFO] PluginManage:310 - Check plugin analytics
2024-06-12 21:42:30,789 [INFO] AnalyticsPlugin:253 - Accepted Software Licenses: 
2024-06-12 21:42:30,789 [INFO] AnalyticsPlugin:255 - Accepted CMSIS Pack Licenses: 
2024-06-12 21:42:30,789 [INFO] AnalyticsPlugin:257 - Accepted Firmware Licenses: 
2024-06-12 21:42:30,793 [INFO] PluginManage:359 - Loaded plugin analytics (category:tool,tabindex:-1)
2024-06-12 21:42:30,795 [INFO] PluginManage:310 - Check plugin cadmodel
2024-06-12 21:42:30,830 [INFO] CADModel:105 - Init CAD model plugin
2024-06-12 21:42:30,830 [INFO] PluginManage:359 - Loaded plugin cadmodel (category:power,tabindex:5)
2024-06-12 21:42:30,831 [INFO] PluginManage:310 - Check plugin clock
2024-06-12 21:42:30,875 [INFO] PluginManage:359 - Loaded plugin clock (category:base,tabindex:2)
2024-06-12 21:42:30,875 [INFO] PluginManage:310 - Check plugin ddr
2024-06-12 21:42:30,879 [INFO] PluginManage:359 - Loaded plugin ddr (category:tool,tabindex:6)
2024-06-12 21:42:30,879 [INFO] PluginManage:310 - Check plugin filemanager
2024-06-12 21:42:31,103 [INFO] PluginManage:359 - Loaded plugin filemanager (category:base,tabindex:10)
2024-06-12 21:42:31,103 [INFO] PluginManage:310 - Check plugin ipmanager
2024-06-12 21:42:31,118 [INFO] PluginManage:359 - Loaded plugin ipmanager (category:base,tabindex:5)
2024-06-12 21:42:31,118 [INFO] PluginManage:310 - Check plugin lpbam
2024-06-12 21:42:31,158 [INFO] PluginManage:359 - Loaded plugin lpbam (category:base,tabindex:0)
2024-06-12 21:42:31,158 [INFO] PluginManage:310 - Check plugin memorymap
2024-06-12 21:42:31,196 [INFO] PluginManage:359 - Loaded plugin memorymap (category:base,tabindex:4)
2024-06-12 21:42:31,197 [INFO] PluginManage:310 - Check plugin pinoutandconfiguration
2024-06-12 21:42:31,229 [INFO] PluginManage:359 - Loaded plugin pinoutandconfiguration (category:base,tabindex:1)
2024-06-12 21:42:31,229 [INFO] PluginManage:310 - Check plugin pinoutconfig
2024-06-12 21:42:31,456 [WARN] SupportedApi:132 - Cannot load RTOS API schema: s4s-elt-must-match.1: The content of 'definitions' must match (annotation?, (simpleType | complexType)?, (unique | key | keyref)*)). A problem was found starting at: attribute.
2024-06-12 21:42:31,716 [INFO] PluginManage:359 - Loaded plugin pinoutconfig (category:base,tabindex:0)
2024-06-12 21:42:31,716 [INFO] PluginManage:310 - Check plugin power
2024-06-12 21:42:31,748 [INFO] PluginManage:359 - Loaded plugin power (category:power,tabindex:4)
2024-06-12 21:42:31,749 [INFO] PluginManage:310 - Check plugin projectmanager
2024-06-12 21:42:31,799 [INFO] PluginManage:359 - Loaded plugin projectmanager (category:projectmanager,tabindex:3)
2024-06-12 21:42:31,799 [INFO] PluginManage:310 - Check plugin thirdparty
2024-06-12 21:42:32,144 [INFO] PluginManage:359 - Loaded plugin thirdparty (category:base,tabindex:-1)
2024-06-12 21:42:32,144 [INFO] PluginManage:310 - Check plugin tools
2024-06-12 21:42:32,145 [WARN] IntegrityCheckThread:84 - waiting for thirdparty lock release [integrity check]
2024-06-12 21:42:32,145 [INFO] IntegrityCheckThread:86 - entering critical section [integrity check]
2024-06-12 21:42:32,146 [INFO] ThirdPartyUpdaterWithRetryManager:70 - Updater plugin not ready yet. [1/15]
2024-06-12 21:42:32,194 [INFO] PluginManage:359 - Loaded plugin tools (category:base,tabindex:7)
2024-06-12 21:42:32,195 [INFO] PluginManage:310 - Check plugin tutovideos
2024-06-12 21:42:32,500 [INFO] PluginManage:359 - Loaded plugin tutovideos (category:base,tabindex:-1)
2024-06-12 21:42:32,501 [INFO] PluginManage:310 - Check plugin updater
2024-06-12 21:42:32,760 [INFO] PluginManage:359 - Loaded plugin updater (category:base,tabindex:12)
2024-06-12 21:42:32,761 [INFO] PluginManage:310 - Check plugin userauth
2024-06-12 21:42:32,768 [INFO] UserAuth:114 - Init User Auth plugin
2024-06-12 21:42:32,769 [INFO] PluginManage:359 - Loaded plugin userauth (category:base,tabindex:14)
2024-06-12 21:42:32,770 [INFO] PluginManage:283 - PluginManage : Loaded plugins [17]
2024-06-12 21:42:33,163 [INFO] PinOutPanel:1561 - setPackage(No Configuration,No Configuration)
2024-06-12 21:42:33,302 [INFO] CADModel:165 - CPN selected for project level
2024-06-12 21:42:33,302 [INFO] CADModel:114 - Register for checkConnection events
2024-06-12 21:42:33,337 [INFO] IPUIPlugin:80 - create IPUIPlugin
2024-06-12 21:42:33,337 [INFO] PluginManager:220 - loadIPPluginJar : add adc
2024-06-12 21:42:33,399 [INFO] IPUIPlugin:80 - create IPUIPlugin
2024-06-12 21:42:33,399 [INFO] PluginManager:220 - loadIPPluginJar : add aes
2024-06-12 21:42:33,479 [INFO] IPUIPlugin:80 - create IPUIPlugin
2024-06-12 21:42:33,479 [INFO] PluginManager:220 - loadIPPluginJar : add can
2024-06-12 21:42:33,530 [INFO] IPUIPlugin:80 - create IPUIPlugin
2024-06-12 21:42:33,532 [INFO] PluginManager:220 - loadIPPluginJar : add comp
2024-06-12 21:42:33,615 [INFO] IPUIPlugin:80 - create IPUIPlugin
2024-06-12 21:42:33,615 [INFO] PluginManager:220 - loadIPPluginJar : add cryp
2024-06-12 21:42:33,661 [INFO] IPUIPlugin:80 - create IPUIPlugin
2024-06-12 21:42:33,661 [INFO] PluginManager:220 - loadIPPluginJar : add dfsdm
2024-06-12 21:42:33,678 [INFO] IPUIPlugin:80 - create IPUIPlugin
2024-06-12 21:42:33,679 [INFO] PluginManager:220 - loadIPPluginJar : add dma
2024-06-12 21:42:33,750 [INFO] IPUIPlugin:80 - create IPUIPlugin
2024-06-12 21:42:33,750 [INFO] PluginManager:220 - loadIPPluginJar : add dma3
2024-06-12 21:42:33,854 [INFO] IPUIPlugin:80 - create IPUIPlugin
2024-06-12 21:42:33,854 [INFO] PluginManager:220 - loadIPPluginJar : add extmemmanager
2024-06-12 21:42:33,892 [INFO] IPUIPlugin:80 - create IPUIPlugin
2024-06-12 21:42:33,892 [INFO] PluginManager:220 - loadIPPluginJar : add fatfs
2024-06-12 21:42:33,974 [INFO] IPUIPlugin:80 - create IPUIPlugin
2024-06-12 21:42:33,974 [INFO] PluginManager:220 - loadIPPluginJar : add fmc
2024-06-12 21:42:33,993 [INFO] IPUIPlugin:80 - create IPUIPlugin
2024-06-12 21:42:33,994 [INFO] PluginManager:220 - loadIPPluginJar : add freertos
2024-06-12 21:42:34,023 [INFO] IPUIPlugin:80 - create IPUIPlugin
2024-06-12 21:42:34,024 [INFO] PluginManager:220 - loadIPPluginJar : add genericplugin
2024-06-12 21:42:34,168 [INFO] IPUIPlugin:80 - create IPUIPlugin
2024-06-12 21:42:34,168 [INFO] PluginManager:220 - loadIPPluginJar : add gfxmmu
2024-06-12 21:42:34,605 [INFO] IPUIPlugin:80 - create IPUIPlugin
2024-06-12 21:42:34,606 [INFO] PluginManager:220 - loadIPPluginJar : add gic
2024-06-12 21:42:34,626 [INFO] IPUIPlugin:80 - create IPUIPlugin
2024-06-12 21:42:34,626 [INFO] PluginManager:220 - loadIPPluginJar : add gpio
2024-06-12 21:42:34,808 [INFO] IPUIPlugin:80 - create IPUIPlugin
2024-06-12 21:42:34,808 [INFO] PluginManager:220 - loadIPPluginJar : add gtzc
2024-06-12 21:42:34,885 [INFO] IPUIPlugin:80 - create IPUIPlugin
2024-06-12 21:42:34,885 [INFO] PluginManager:220 - loadIPPluginJar : add hash
2024-06-12 21:42:34,975 [INFO] IPUIPlugin:80 - create IPUIPlugin
2024-06-12 21:42:34,976 [INFO] PluginManager:220 - loadIPPluginJar : add i2c
2024-06-12 21:42:35,048 [INFO] IPUIPlugin:80 - create IPUIPlugin
2024-06-12 21:42:35,049 [INFO] PluginManager:220 - loadIPPluginJar : add i2s
2024-06-12 21:42:35,111 [INFO] IPUIPlugin:80 - create IPUIPlugin
2024-06-12 21:42:35,111 [INFO] PluginManager:220 - loadIPPluginJar : add i3c
2024-06-12 21:42:35,147 [INFO] ThirdPartyUpdaterWithRetryManager:70 - Updater plugin not ready yet. [2/15]
2024-06-12 21:42:35,244 [INFO] IPUIPlugin:80 - create IPUIPlugin
2024-06-12 21:42:35,244 [INFO] PluginManager:220 - loadIPPluginJar : add ipddr
2024-06-12 21:42:35,347 [INFO] IPUIPlugin:80 - create IPUIPlugin
2024-06-12 21:42:35,347 [INFO] PluginManager:220 - loadIPPluginJar : add linkedlist
2024-06-12 21:42:35,387 [INFO] IPUIPlugin:80 - create IPUIPlugin
2024-06-12 21:42:35,387 [INFO] PluginManager:220 - loadIPPluginJar : add lorawan
2024-06-12 21:42:35,427 [INFO] IPUIPlugin:80 - create IPUIPlugin
2024-06-12 21:42:35,428 [INFO] PluginManager:220 - loadIPPluginJar : add ltdc
2024-06-12 21:42:35,442 [INFO] IPUIPlugin:80 - create IPUIPlugin
2024-06-12 21:42:35,442 [INFO] PluginManager:220 - loadIPPluginJar : add mdma
2024-06-12 21:42:35,455 [INFO] IPUIPlugin:80 - create IPUIPlugin
2024-06-12 21:42:35,455 [INFO] PluginManager:220 - loadIPPluginJar : add nvic
2024-06-12 21:42:35,506 [INFO] IPUIPlugin:80 - create IPUIPlugin
2024-06-12 21:42:35,507 [INFO] PluginManager:220 - loadIPPluginJar : add opamp
2024-06-12 21:42:35,670 [INFO] IPUIPlugin:80 - create IPUIPlugin
2024-06-12 21:42:35,670 [INFO] PluginManager:220 - loadIPPluginJar : add openamp
2024-06-12 21:42:35,742 [INFO] IPUIPlugin:80 - create IPUIPlugin
2024-06-12 21:42:35,743 [INFO] PluginManager:220 - loadIPPluginJar : add pdm2pcm
2024-06-12 21:42:35,765 [INFO] IPUIPlugin:80 - create IPUIPlugin
2024-06-12 21:42:35,768 [INFO] PluginManager:220 - loadIPPluginJar : add plateformsettings
2024-06-12 21:42:35,818 [INFO] IPUIPlugin:80 - create IPUIPlugin
2024-06-12 21:42:35,819 [INFO] PluginManager:220 - loadIPPluginJar : add quadspi
2024-06-12 21:42:35,853 [INFO] IPUIPlugin:80 - create IPUIPlugin
2024-06-12 21:42:35,854 [INFO] PluginManager:220 - loadIPPluginJar : add resmgrutility
2024-06-12 21:42:36,060 [INFO] IPUIPlugin:80 - create IPUIPlugin
2024-06-12 21:42:36,060 [INFO] PluginManager:220 - loadIPPluginJar : add sai
2024-06-12 21:42:36,234 [INFO] IPUIPlugin:80 - create IPUIPlugin
2024-06-12 21:42:36,234 [INFO] PluginManager:220 - loadIPPluginJar : add spi
2024-06-12 21:42:36,334 [INFO] IPUIPlugin:80 - create IPUIPlugin
2024-06-12 21:42:36,334 [INFO] PluginManager:220 - loadIPPluginJar : add stm32_wpan
2024-06-12 21:42:36,368 [INFO] IPUIPlugin:80 - create IPUIPlugin
2024-06-12 21:42:36,368 [INFO] PluginManager:220 - loadIPPluginJar : add tim
2024-06-12 21:42:36,702 [INFO] IPUIPlugin:80 - create IPUIPlugin
2024-06-12 21:42:36,702 [INFO] PluginManager:220 - loadIPPluginJar : add touchsensing
2024-06-12 21:42:36,753 [INFO] IPUIPlugin:80 - create IPUIPlugin
2024-06-12 21:42:36,753 [INFO] PluginManager:220 - loadIPPluginJar : add tracer_emb
2024-06-12 21:42:36,789 [INFO] IPUIPlugin:80 - create IPUIPlugin
2024-06-12 21:42:36,789 [INFO] PluginManager:220 - loadIPPluginJar : add ts
2024-06-12 21:42:36,817 [INFO] IPUIPlugin:80 - create IPUIPlugin
2024-06-12 21:42:36,817 [INFO] PluginManager:220 - loadIPPluginJar : add tsc
2024-06-12 21:42:36,842 [INFO] IPUIPlugin:80 - create IPUIPlugin
2024-06-12 21:42:36,842 [INFO] PluginManager:220 - loadIPPluginJar : add ucpd
2024-06-12 21:42:36,896 [INFO] IPUIPlugin:80 - create IPUIPlugin
2024-06-12 21:42:36,896 [INFO] PluginManager:220 - loadIPPluginJar : add usart
2024-06-12 21:42:36,950 [INFO] IPUIPlugin:80 - create IPUIPlugin
2024-06-12 21:42:36,950 [INFO] PluginManager:220 - loadIPPluginJar : add usbx
2024-06-12 21:42:37,100 [INFO] CADModel:165 - CPN selected for project level
2024-06-12 21:42:37,101 [INFO] CADModel:114 - Register for checkConnection events
2024-06-12 21:42:37,101 [FATAL] Updater:308 - Updater called before beeing initialized
2024-06-12 21:42:37,102 [ERROR] CADModel:125 - Updater not yet initialized, retry later 
2024-06-12 21:42:37,295 [INFO] CADModel:165 - CPN selected for project level
2024-06-12 21:42:37,295 [INFO] CADModel:114 - Register for checkConnection events
2024-06-12 21:42:37,295 [FATAL] Updater:308 - Updater called before beeing initialized
2024-06-12 21:42:37,295 [ERROR] CADModel:125 - Updater not yet initialized, retry later 
2024-06-12 21:42:37,299 [FATAL] Updater:308 - Updater called before beeing initialized
2024-06-12 21:42:37,513 [FATAL] Updater:308 - Updater called before beeing initialized
2024-06-12 21:42:37,522 [INFO] DbMcusAds:53 - JSON generation date=Thu May 16 11:22:00 CEST 2024 (1715851320852)
2024-06-12 21:42:37,523 [FATAL] Updater:308 - Updater called before beeing initialized
2024-06-12 21:42:37,607 [WARN] DetailPanel:346 - Failed to get advertising image, set to default
2024-06-12 21:42:37,701 [FATAL] Updater:308 - Updater called before beeing initialized
2024-06-12 21:42:37,703 [FATAL] Updater:308 - Updater called before beeing initialized
2024-06-12 21:42:37,703 [FATAL] Updater:308 - Updater called before beeing initialized
2024-06-12 21:42:37,703 [WARN] DetailPanel:346 - Failed to get advertising image, set to default
2024-06-12 21:42:37,704 [FATAL] Updater:308 - Updater called before beeing initialized
2024-06-12 21:42:37,818 [ERROR] Updater:1120 - MainUpdater not yet initialized. External WinMGr cannot be set.
2024-06-12 21:42:37,870 [INFO] Updater:1056 - Updater Version found : 6.11.0
2024-06-12 21:42:37,897 [INFO] ApplicationProperties:184 - Using Application install path: C:\ST\STM32CubeIDE_1.15.0\STM32CubeIDE\plugins\com.st.stm32cube.common.mx_6.11.0.202403141607
2024-06-12 21:42:38,148 [INFO] ThirdPartyUpdaterWithRetryManager:70 - Updater plugin not ready yet. [3/15]
2024-06-12 21:42:39,484 [ERROR] LogOutputStream:75 - [STDERR_REDIRECT] Jun 12, 2024 9:42:39 PM java.util.prefs.WindowsPreferences <init>
2024-06-12 21:42:39,487 [ERROR] LogOutputStream:75 - [STDERR_REDIRECT] WARNING: Could not open/create prefs root node Software\JavaSoft\Prefs at root 0xffffffff80000002. Windows RegCreateKeyEx(...) returned error code 5.
2024-06-12 21:42:39,488 [ERROR] LogOutputStream:75 - [STDERR_REDIRECT] 
2024-06-12 21:42:39,869 [INFO] MainUpdater:2873 - connection check result : 10
2024-06-12 21:42:39,870 [INFO] MainUpdater:3567 - Updater definition file requires update
2024-06-12 21:42:39,873 [INFO] MainUpdater:290 - Updater Check For Update Now.
2024-06-12 21:42:39,873 [INFO] MicroXplorer:498 - Change Database Version : DB.6.0.110
2024-06-12 21:42:39,915 [INFO] McuFinderGlobals:63 - Set McuFinder mode to 2 (CubeIDE integrated)
2024-06-12 21:42:39,927 [INFO] UserAuth:415 - Internet connection configuration mode: 1
2024-06-12 21:42:39,952 [INFO] JxBrowserEngine:152 - Initiate JxBrowser Engine with user profile folder
2024-06-12 21:42:40,017 [INFO] ServerAccessManage:473 - Download File updaters.zip
2024-06-12 21:42:40,131 [INFO] FileExtend:240 - Unzip File : updaters.zip
2024-06-12 21:42:40,131 [INFO] FileExtend:255 - Standard Zip Deflate
2024-06-12 21:42:40,524 [INFO] ServerAccessManage:473 - Download File PacksControlFlags.xml
2024-06-12 21:42:40,725 [INFO] ServerAccessManage:473 - Download File cubemx.pidx
2024-06-12 21:42:40,845 [INFO] LoadServerUpdatesThread:375 - End of LoadServerUpdate Thread
2024-06-12 21:42:41,037 [INFO] CheckServerUpdateThread:120 - End of CheckServer Thread
2024-06-12 21:42:41,330 [WARN] PackLoader:240 - Cannot read IP mode file for STMicroelectronics.FP-SNS-MOTENVWB1.1.4.0
2024-06-12 21:42:41,348 [WARN] PackLoader:240 - Cannot read IP mode file for STMicroelectronics.X-CUBE-SMBUS.2.1.0
2024-06-12 21:42:41,361 [WARN] PackLoader:240 - Cannot read IP mode file for STMicroelectronics.X-CUBE-TOUCHGFX.4.23.2
2024-06-12 21:42:41,402 [WARN] PackLoader:240 - Cannot read IP mode file for STMicroelectronics.X-CUBE-AZRTOS-F7.1.1.0
2024-06-12 21:42:41,421 [WARN] PackLoader:240 - Cannot read IP mode file for STMicroelectronics.FP-SNS-FLIGHT1.5.0.2
2024-06-12 21:42:41,439 [WARN] PackLoader:240 - Cannot read IP mode file for STMicroelectronics.X-CUBE-DISPLAY.3.0.0
2024-06-12 21:42:41,465 [WARN] PackLoader:240 - Cannot read IP mode file for STMicroelectronics.X-CUBE-BLE1.7.0.0
2024-06-12 21:42:41,480 [WARN] PackLoader:240 - Cannot read IP mode file for emotas.I-CUBE-CANOPEN.1.3.0
2024-06-12 21:42:41,500 [WARN] PackLoader:240 - Cannot read IP mode file for STMicroelectronics.X-CUBE-BLEMGR.3.1.0
2024-06-12 21:42:41,526 [WARN] PackLoader:240 - Cannot read IP mode file for STMicroelectronics.FP-SNS-SMARTAG2.1.2.0
2024-06-12 21:42:41,549 [INFO] LogOutputStream:77 - [STDOUT_REDIRECT] 1 : Invalid condition id : UX_CORESTACK_Condition cause : null
2024-06-12 21:42:41,549 [INFO] LogOutputStream:77 - [STDOUT_REDIRECT] 1 : Invalid condition id : UX_CORESTACK_Condition cause : null
2024-06-12 21:42:41,551 [INFO] LogOutputStream:77 - [STDOUT_REDIRECT] 1 : Invalid condition id : UX_CORESTACK_Condition cause : null
2024-06-12 21:42:41,552 [INFO] LogOutputStream:77 - [STDOUT_REDIRECT] 1 : Invalid condition id : UX_CORESTACK_Condition cause : null
2024-06-12 21:42:41,553 [INFO] LogOutputStream:77 - [STDOUT_REDIRECT] 1 : Invalid condition id : UX_CORESTACK_Condition cause : null
2024-06-12 21:42:41,559 [WARN] PackLoader:240 - Cannot read IP mode file for STMicroelectronics.X-CUBE-AZRTOS-WL.2.0.0
2024-06-12 21:42:41,579 [WARN] PackLoader:240 - Cannot read IP mode file for STMicroelectronics.FP-SNS-MOTENV1.5.0.0
2024-06-12 21:42:41,592 [WARN] PackLoader:240 - Cannot read IP mode file for wolfSSL.I-CUBE-wolfMQTT.1.19.0
2024-06-12 21:42:41,608 [WARN] PackLoader:240 - Cannot read IP mode file for WES.I-CUBE-Cesium.1.3.0
2024-06-12 21:42:41,621 [WARN] PackLoader:240 - Cannot read IP mode file for STMicroelectronics.X-CUBE-BLE2.3.3.0
2024-06-12 21:42:41,635 [WARN] PackLoader:240 - Cannot read IP mode file for STMicroelectronics.X-CUBE-TCPP.4.1.0
2024-06-12 21:42:41,651 [WARN] PackLoader:240 - Cannot read IP mode file for STMicroelectronics.X-CUBE-ALGOBUILD.1.3.0
2024-06-12 21:42:41,684 [WARN] PackLoader:240 - Cannot read IP mode file for STMicroelectronics.X-CUBE-AZRTOS-G0.1.1.0
2024-06-12 21:42:41,708 [WARN] PackLoader:240 - Cannot read IP mode file for STMicroelectronics.X-CUBE-SAFEA1.1.2.2
2024-06-12 21:42:41,723 [WARN] PackLoader:240 - Cannot read IP mode file for STMicroelectronics.X-CUBE-NFC4.3.0.0
2024-06-12 21:42:41,736 [WARN] PackLoader:240 - Cannot read IP mode file for wolfSSL.I-CUBE-wolfSSL.5.7.0
2024-06-12 21:42:41,751 [WARN] PackLoader:240 - Cannot read IP mode file for STMicroelectronics.FP-ATR-SIGFOX1.3.2.0
2024-06-12 21:42:41,771 [WARN] PackLoader:240 - Cannot read IP mode file for STMicroelectronics.X-CUBE-EEPRMA1.5.1.0
2024-06-12 21:42:41,789 [WARN] PackLoader:240 - Cannot read IP mode file for ITTIA_DB.I-CUBE-ITTIADB.8.9.0
2024-06-12 21:42:41,837 [WARN] PackLoader:240 - Cannot read IP mode file for SEGGER.I-CUBE-embOS.1.3.1
2024-06-12 21:42:41,898 [WARN] PackLoader:240 - Cannot read IP mode file for STMicroelectronics.X-CUBE-ALGOBUILD.1.4.0
2024-06-12 21:42:41,914 [WARN] PackLoader:240 - Cannot read IP mode file for STMicroelectronics.X-CUBE-GNSS1.6.0.0
2024-06-12 21:42:41,957 [WARN] PackLoader:240 - Cannot read IP mode file for STMicroelectronics.X-CUBE-AZRTOS-F4.1.1.0
2024-06-12 21:42:41,974 [WARN] PackLoader:240 - Cannot read IP mode file for STMicroelectronics.X-CUBE-FREERTOS.1.2.0
2024-06-12 21:42:42,014 [WARN] PackLoader:240 - Cannot read IP mode file for STMicroelectronics.X-CUBE-AZRTOS-L5.2.0.0
2024-06-12 21:42:42,033 [WARN] PackLoader:240 - Cannot read IP mode file for STMicroelectronics.X-CUBE-NFC6.3.1.0
2024-06-12 21:42:42,048 [WARN] PackLoader:240 - Cannot read IP mode file for STMicroelectronics.X-CUBE-AI.9.0.0
2024-06-12 21:42:42,062 [WARN] PackLoader:240 - Cannot read IP mode file for STMicroelectronics.X-CUBE-NFC7.1.0.1
2024-06-12 21:42:42,076 [WARN] PackLoader:240 - Cannot read IP mode file for STMicroelectronics.X-CUBE-AI.8.1.0
2024-06-12 21:42:42,111 [WARN] ConditionMgr:438 - getConditionDescription Invalid condition id : LAN8742 Phy interface Condition cause : null
2024-06-12 21:42:42,112 [WARN] PackLoader:240 - Cannot read IP mode file for STMicroelectronics.X-CUBE-AZRTOS-L4.2.0.0
2024-06-12 21:42:42,113 [WARN] ConditionMgr:1039 - genDependencies : Invalid condition id : LAN8742 Phy interface Condition cause : null
2024-06-12 21:42:42,114 [WARN] ConditionMgr:1039 - genDependencies : Invalid condition id : LAN8742 Phy interface Condition cause : null
2024-06-12 21:42:42,114 [WARN] ConditionMgr:1039 - genDependencies : Invalid condition id : LAN8742 Phy interface Condition cause : null
2024-06-12 21:42:42,131 [WARN] PackLoader:240 - Cannot read IP mode file for STMicroelectronics.X-CUBE-SFXS2LP1.4.0.0
2024-06-12 21:42:42,160 [WARN] ConditionMgr:438 - getConditionDescription Invalid condition id : UX DEVICE CLASS RTOS Condition cause : null
2024-06-12 21:42:42,161 [WARN] ConditionMgr:438 - getConditionDescription Invalid condition id : UX DEVICE CLASS RTOS Condition cause : null
2024-06-12 21:42:42,164 [WARN] PackLoader:240 - Cannot read IP mode file for STMicroelectronics.X-CUBE-AZRTOS-WB.2.0.0
2024-06-12 21:42:42,164 [WARN] ConditionMgr:1039 - genDependencies : Invalid condition id : UX DEVICE CLASS RTOS Condition cause : null
2024-06-12 21:42:42,165 [WARN] ConditionMgr:1039 - genDependencies : Invalid condition id : UX DEVICE CLASS RTOS Condition cause : null
2024-06-12 21:42:42,165 [WARN] ConditionMgr:1039 - genDependencies : Invalid condition id : UX DEVICE CLASS RTOS Condition cause : null
2024-06-12 21:42:42,165 [WARN] ConditionMgr:1039 - genDependencies : Invalid condition id : UX DEVICE CLASS RTOS Condition cause : null
2024-06-12 21:42:42,165 [WARN] ConditionMgr:1039 - genDependencies : Invalid condition id : UX DEVICE CLASS RTOS Condition cause : null
2024-06-12 21:42:42,188 [WARN] PackLoader:240 - Cannot read IP mode file for STMicroelectronics.X-CUBE-SUBG2.5.0.0
2024-06-12 21:42:42,204 [WARN] PackLoader:240 - Cannot read IP mode file for Cesanta.I-CUBE-Mongoose.7.13.0
2024-06-12 21:42:42,234 [WARN] PackLoader:240 - Cannot read IP mode file for STMicroelectronics.X-CUBE-AZRTOS-G4.2.0.0
2024-06-12 21:42:42,252 [WARN] PackLoader:240 - Cannot read IP mode file for STMicroelectronics.FP-SNS-MOTENVWB1.1.3.1
2024-06-12 21:42:42,268 [WARN] PackLoader:240 - Cannot read IP mode file for STMicroelectronics.X-CUBE-ISPU.2.0.0
2024-06-12 21:42:42,289 [WARN] PackLoader:240 - Cannot read IP mode file for STMicroelectronics.X-CUBE-ALS.1.0.2
2024-06-12 21:42:42,434 [WARN] PackLoader:240 - Cannot read IP mode file for STMicroelectronics.X-CUBE-MEMS1.10.0.0
2024-06-12 21:42:42,558 [WARN] PackLoader:240 - Cannot read IP mode file for STMicroelectronics.X-CUBE-FREERTOS.1.1.0
2024-06-12 21:42:42,573 [WARN] PackLoader:240 - Cannot read IP mode file for portGmbH.I-Cube-SoM-uGOAL.1.1.0
2024-06-12 21:42:42,587 [WARN] PackLoader:240 - Cannot read IP mode file for STMicroelectronics.X-CUBE-ALS.1.0.1
2024-06-12 21:42:42,622 [WARN] PackLoader:240 - Cannot read IP mode file for STMicroelectronics.X-CUBE-AZRTOS-H7RS.1.0.0
2024-06-12 21:42:42,642 [WARN] PackLoader:240 - Cannot read IP mode file for STMicroelectronics.FP-ATR-ASTRA1.2.0.0
2024-06-12 21:42:42,666 [WARN] PackLoader:240 - Cannot read IP mode file for STMicroelectronics.X-CUBE-TOF1.3.4.1
2024-06-12 21:42:42,709 [WARN] PackLoader:240 - Cannot read IP mode file for STMicroelectronics.X-CUBE-AZRTOS-H7.3.2.0
2024-06-12 21:42:42,734 [WARN] PackLoader:240 - Cannot read IP mode file for Infineon.AIROC-Wi-Fi-Bluetooth-STM32.1.6.0
2024-06-12 21:42:42,738 [INFO] ThirdParty:978 - Integrity check success = true
2024-06-12 21:42:42,738 [INFO] IntegrityCheckThread:100 - exiting critical section [integrity check]
2024-06-12 21:42:42,738 [INFO] IntegrityCheckThread:103 - End integrity checks thread
2024-06-12 21:42:46,857 [INFO] WebApp:161 - Instantiating new browser for Auth
2024-06-12 21:42:47,480 [INFO] WebApp:779 - Register for checkConnection events
2024-06-12 21:42:47,480 [INFO] WebApp:414 - Apply proxy settings
2024-06-12 21:42:47,480 [INFO] WebApp:499 - Chromium requires no authentication
2024-06-12 21:42:47,487 [INFO] WebApp:442 - Direct internet connection detected
2024-06-12 21:42:47,665 [INFO] WebApp:192 - Starting web application
2024-06-12 21:42:47,665 [INFO] WebApp:544 - Web application path used C:\ST\STM32CubeIDE_1.15.0\STM32CubeIDE\plugins\com.st.stm32cube.common.mx_6.11.0.202403141607\db\plugins\mcufinder\reactClient1\index.html
2024-06-12 21:51:56,490 [ERROR] LogOutputStream:75 - [STDERR_REDIRECT] 
2024-06-12 21:51:56,491 [ERROR] LogOutputStream:75 - [STDERR_REDIRECT] 
