23:25:26 **** Incremental Build of configuration Debug for project AMS_Firmware ****
make -j12 all 
arm-none-eabi-gcc "../Core/Src/bms.c" -mcpu=cortex-m3 -std=gnu11 -g3 -DDEBUG -DUSE_HAL_DRIVER -DSTM32F205xx -c -I../Core/Inc -I../Drivers/STM32F2xx_HAL_Driver/Inc -I../Drivers/STM32F2xx_HAL_Driver/Inc/Legacy -I../Drivers/CMSIS/Device/ST/STM32F2xx/Include -I../Drivers/CMSIS/Include -I../USB_DEVICE/App -I../USB_DEVICE/Target -I../Middlewares/ST/STM32_USB_Device_Library/Core/Inc -I../Middlewares/ST/STM32_USB_Device_Library/Class/CDC/Inc -O0 -ffunction-sections -fdata-sections -Wall -fstack-usage -fcyclomatic-complexity -MMD -MP -MF"Core/Src/bms.d" -MT"Core/Src/bms.o" --specs=nano.specs -mfloat-abi=soft -mthumb -o "Core/Src/bms.o"
../Core/Src/bms.c: In function 'convertVoltage':
../Core/Src/bms.c:216:18: warning: unused variable 'cell_min' [-Wunused-variable]
  216 |         uint16_t cell_min = cellVoltages[0];
      |                  ^~~~~~~~
../Core/Src/bms.c:215:18: warning: unused variable 'cell_max' [-Wunused-variable]
  215 |         uint16_t cell_max = cellVoltages[0];
      |                  ^~~~~~~~
arm-none-eabi-gcc -o "AMS_Firmware.elf" @"objects.list"   -mcpu=cortex-m3 -T"C:\Users\shoot\Documents\GitHub\AMS_Master_Firmware\AMS_Firmware\STM32F205RBTX_FLASH.ld" --specs=nosys.specs -Wl,-Map="AMS_Firmware.map" -Wl,--gc-sections -static --specs=nano.specs -mfloat-abi=soft -mthumb -u _printf_float -Wl,--start-group -lc -lm -Wl,--end-group
Finished building target: AMS_Firmware.elf
 
arm-none-eabi-size  AMS_Firmware.elf 
arm-none-eabi-objdump -h -S AMS_Firmware.elf  > "AMS_Firmware.list"
   text	   data	    bss	    dec	    hex	filename
  55272	    932	   6904	  63108	   f684	AMS_Firmware.elf
Finished building: default.size.stdout
 
Finished building: AMS_Firmware.list
 
23:28:17 **** Incremental Build of configuration Debug for project AMS_Firmware ****
make -j12 all 
arm-none-eabi-size  AMS_Firmware.elf 
   text	   data	    bss	    dec	    hex	filename
  55272	    932	   6904	  63108	   f684	AMS_Firmware.elf
Finished building: default.size.stdout
 
23:31:22 **** Incremental Build of configuration Debug for project AMS_Firmware ****
make -j12 all 
arm-none-eabi-gcc "../Core/Src/bms.c" -mcpu=cortex-m3 -std=gnu11 -g3 -DDEBUG -DUSE_HAL_DRIVER -DSTM32F205xx -c -I../Core/Inc -I../Drivers/STM32F2xx_HAL_Driver/Inc -I../Drivers/STM32F2xx_HAL_Driver/Inc/Legacy -I../Drivers/CMSIS/Device/ST/STM32F2xx/Include -I../Drivers/CMSIS/Include -I../USB_DEVICE/App -I../USB_DEVICE/Target -I../Middlewares/ST/STM32_USB_Device_Library/Core/Inc -I../Middlewares/ST/STM32_USB_Device_Library/Class/CDC/Inc -O0 -ffunction-sections -fdata-sections -Wall -fstack-usage -fcyclomatic-complexity -MMD -MP -MF"Core/Src/bms.d" -MT"Core/Src/bms.o" --specs=nano.specs -mfloat-abi=soft -mthumb -o "Core/Src/bms.o"
../Core/Src/bms.c: In function 'convertVoltage':
../Core/Src/bms.c:216:18: warning: unused variable 'cell_min' [-Wunused-variable]
  216 |         uint16_t cell_min = cellVoltages[0];
      |                  ^~~~~~~~
../Core/Src/bms.c:215:18: warning: unused variable 'cell_max' [-Wunused-variable]
  215 |         uint16_t cell_max = cellVoltages[0];
      |                  ^~~~~~~~
arm-none-eabi-gcc -o "AMS_Firmware.elf" @"objects.list"   -mcpu=cortex-m3 -T"C:\Users\shoot\Documents\GitHub\AMS_Master_Firmware\AMS_Firmware\STM32F205RBTX_FLASH.ld" --specs=nosys.specs -Wl,-Map="AMS_Firmware.map" -Wl,--gc-sections -static --specs=nano.specs -mfloat-abi=soft -mthumb -u _printf_float -Wl,--start-group -lc -lm -Wl,--end-group
Finished building target: AMS_Firmware.elf
 
arm-none-eabi-size  AMS_Firmware.elf 
arm-none-eabi-objdump -h -S AMS_Firmware.elf  > "AMS_Firmware.list"
   text	   data	    bss	    dec	    hex	filename
  55272	    932	   6904	  63108	   f684	AMS_Firmware.elf
Finished building: default.size.stdout
 
Finished building: AMS_Firmware.list
 
23:36:08 **** Incremental Build of configuration Debug for project AMS_Firmware ****
make -j12 all 
arm-none-eabi-gcc "../Core/Src/bms.c" -mcpu=cortex-m3 -std=gnu11 -g3 -DDEBUG -DUSE_HAL_DRIVER -DSTM32F205xx -c -I../Core/Inc -I../Drivers/STM32F2xx_HAL_Driver/Inc -I../Drivers/STM32F2xx_HAL_Driver/Inc/Legacy -I../Drivers/CMSIS/Device/ST/STM32F2xx/Include -I../Drivers/CMSIS/Include -I../USB_DEVICE/App -I../USB_DEVICE/Target -I../Middlewares/ST/STM32_USB_Device_Library/Core/Inc -I../Middlewares/ST/STM32_USB_Device_Library/Class/CDC/Inc -O0 -ffunction-sections -fdata-sections -Wall -fstack-usage -fcyclomatic-complexity -MMD -MP -MF"Core/Src/bms.d" -MT"Core/Src/bms.o" --specs=nano.specs -mfloat-abi=soft -mthumb -o "Core/Src/bms.o"
../Core/Src/bms.c: In function 'convertVoltage':
../Core/Src/bms.c:216:18: warning: unused variable 'cell_min' [-Wunused-variable]
  216 |         uint16_t cell_min = cellVoltages[0];
      |                  ^~~~~~~~
../Core/Src/bms.c:215:18: warning: unused variable 'cell_max' [-Wunused-variable]
  215 |         uint16_t cell_max = cellVoltages[0];
      |                  ^~~~~~~~
arm-none-eabi-gcc -o "AMS_Firmware.elf" @"objects.list"   -mcpu=cortex-m3 -T"C:\Users\shoot\Documents\GitHub\AMS_Master_Firmware\AMS_Firmware\STM32F205RBTX_FLASH.ld" --specs=nosys.specs -Wl,-Map="AMS_Firmware.map" -Wl,--gc-sections -static --specs=nano.specs -mfloat-abi=soft -mthumb -u _printf_float -Wl,--start-group -lc -lm -Wl,--end-group
Finished building target: AMS_Firmware.elf
 
arm-none-eabi-size  AMS_Firmware.elf 
arm-none-eabi-objdump -h -S AMS_Firmware.elf  > "AMS_Firmware.list"
   text	   data	    bss	    dec	    hex	filename
  55272	    932	   6904	  63108	   f684	AMS_Firmware.elf
Finished building: default.size.stdout
 
Finished building: AMS_Firmware.list
 
23:39:21 **** Incremental Build of configuration Debug for project AMS_Firmware ****
make -j12 all 
arm-none-eabi-gcc "../Core/Src/bms.c" -mcpu=cortex-m3 -std=gnu11 -g3 -DDEBUG -DUSE_HAL_DRIVER -DSTM32F205xx -c -I../Core/Inc -I../Drivers/STM32F2xx_HAL_Driver/Inc -I../Drivers/STM32F2xx_HAL_Driver/Inc/Legacy -I../Drivers/CMSIS/Device/ST/STM32F2xx/Include -I../Drivers/CMSIS/Include -I../USB_DEVICE/App -I../USB_DEVICE/Target -I../Middlewares/ST/STM32_USB_Device_Library/Core/Inc -I../Middlewares/ST/STM32_USB_Device_Library/Class/CDC/Inc -O0 -ffunction-sections -fdata-sections -Wall -fstack-usage -fcyclomatic-complexity -MMD -MP -MF"Core/Src/bms.d" -MT"Core/Src/bms.o" --specs=nano.specs -mfloat-abi=soft -mthumb -o "Core/Src/bms.o"
../Core/Src/bms.c: In function 'convertVoltage':
../Core/Src/bms.c:216:18: warning: unused variable 'cell_min' [-Wunused-variable]
  216 |         uint16_t cell_min = cellVoltages[0];
      |                  ^~~~~~~~
../Core/Src/bms.c:215:18: warning: unused variable 'cell_max' [-Wunused-variable]
  215 |         uint16_t cell_max = cellVoltages[0];
      |                  ^~~~~~~~
arm-none-eabi-gcc -o "AMS_Firmware.elf" @"objects.list"   -mcpu=cortex-m3 -T"C:\Users\shoot\Documents\GitHub\AMS_Master_Firmware\AMS_Firmware\STM32F205RBTX_FLASH.ld" --specs=nosys.specs -Wl,-Map="AMS_Firmware.map" -Wl,--gc-sections -static --specs=nano.specs -mfloat-abi=soft -mthumb -u _printf_float -Wl,--start-group -lc -lm -Wl,--end-group
Finished building target: AMS_Firmware.elf
 
arm-none-eabi-size  AMS_Firmware.elf 
arm-none-eabi-objdump -h -S AMS_Firmware.elf  > "AMS_Firmware.list"
   text	   data	    bss	    dec	    hex	filename
  55272	    932	   6904	  63108	   f684	AMS_Firmware.elf
Finished building: default.size.stdout
 
Finished building: AMS_Firmware.list
 
23:42:20 **** Incremental Build of configuration Debug for project AMS_Firmware ****
make -j12 all 
arm-none-eabi-size  AMS_Firmware.elf 
   text	   data	    bss	    dec	    hex	filename
  55272	    932	   6904	  63108	   f684	AMS_Firmware.elf
Finished building: default.size.stdout
 
23:44:37 **** Incremental Build of configuration Debug for project AMS_Firmware ****
make -j12 all 
arm-none-eabi-gcc "../Core/Src/bms.c" -mcpu=cortex-m3 -std=gnu11 -g3 -DDEBUG -DUSE_HAL_DRIVER -DSTM32F205xx -c -I../Core/Inc -I../Drivers/STM32F2xx_HAL_Driver/Inc -I../Drivers/STM32F2xx_HAL_Driver/Inc/Legacy -I../Drivers/CMSIS/Device/ST/STM32F2xx/Include -I../Drivers/CMSIS/Include -I../USB_DEVICE/App -I../USB_DEVICE/Target -I../Middlewares/ST/STM32_USB_Device_Library/Core/Inc -I../Middlewares/ST/STM32_USB_Device_Library/Class/CDC/Inc -O0 -ffunction-sections -fdata-sections -Wall -fstack-usage -fcyclomatic-complexity -MMD -MP -MF"Core/Src/bms.d" -MT"Core/Src/bms.o" --specs=nano.specs -mfloat-abi=soft -mthumb -o "Core/Src/bms.o"
../Core/Src/bms.c: In function 'convertVoltage':
../Core/Src/bms.c:216:18: warning: unused variable 'cell_min' [-Wunused-variable]
  216 |         uint16_t cell_min = cellVoltages[0];
      |                  ^~~~~~~~
../Core/Src/bms.c:215:18: warning: unused variable 'cell_max' [-Wunused-variable]
  215 |         uint16_t cell_max = cellVoltages[0];
      |                  ^~~~~~~~
arm-none-eabi-gcc -o "AMS_Firmware.elf" @"objects.list"   -mcpu=cortex-m3 -T"C:\Users\shoot\Documents\GitHub\AMS_Master_Firmware\AMS_Firmware\STM32F205RBTX_FLASH.ld" --specs=nosys.specs -Wl,-Map="AMS_Firmware.map" -Wl,--gc-sections -static --specs=nano.specs -mfloat-abi=soft -mthumb -u _printf_float -Wl,--start-group -lc -lm -Wl,--end-group
Finished building target: AMS_Firmware.elf
 
arm-none-eabi-size  AMS_Firmware.elf 
arm-none-eabi-objdump -h -S AMS_Firmware.elf  > "AMS_Firmware.list"
   text	   data	    bss	    dec	    hex	filename
  55272	    932	   6904	  63108	   f684	AMS_Firmware.elf
Finished building: default.size.stdout
 
Finished building: AMS_Firmware.list
 
23:46:54 **** Incremental Build of configuration Debug for project AMS_Firmware ****
make -j12 all 
arm-none-eabi-gcc "../Core/Src/bms.c" -mcpu=cortex-m3 -std=gnu11 -g3 -DDEBUG -DUSE_HAL_DRIVER -DSTM32F205xx -c -I../Core/Inc -I../Drivers/STM32F2xx_HAL_Driver/Inc -I../Drivers/STM32F2xx_HAL_Driver/Inc/Legacy -I../Drivers/CMSIS/Device/ST/STM32F2xx/Include -I../Drivers/CMSIS/Include -I../USB_DEVICE/App -I../USB_DEVICE/Target -I../Middlewares/ST/STM32_USB_Device_Library/Core/Inc -I../Middlewares/ST/STM32_USB_Device_Library/Class/CDC/Inc -O0 -ffunction-sections -fdata-sections -Wall -fstack-usage -fcyclomatic-complexity -MMD -MP -MF"Core/Src/bms.d" -MT"Core/Src/bms.o" --specs=nano.specs -mfloat-abi=soft -mthumb -o "Core/Src/bms.o"
../Core/Src/bms.c: In function 'convertVoltage':
../Core/Src/bms.c:216:18: warning: unused variable 'cell_min' [-Wunused-variable]
  216 |         uint16_t cell_min = cellVoltages[0];
      |                  ^~~~~~~~
../Core/Src/bms.c:215:18: warning: unused variable 'cell_max' [-Wunused-variable]
  215 |         uint16_t cell_max = cellVoltages[0];
      |                  ^~~~~~~~
arm-none-eabi-gcc -o "AMS_Firmware.elf" @"objects.list"   -mcpu=cortex-m3 -T"C:\Users\shoot\Documents\GitHub\AMS_Master_Firmware\AMS_Firmware\STM32F205RBTX_FLASH.ld" --specs=nosys.specs -Wl,-Map="AMS_Firmware.map" -Wl,--gc-sections -static --specs=nano.specs -mfloat-abi=soft -mthumb -u _printf_float -Wl,--start-group -lc -lm -Wl,--end-group
Finished building target: AMS_Firmware.elf
 
arm-none-eabi-size  AMS_Firmware.elf 
arm-none-eabi-objdump -h -S AMS_Firmware.elf  > "AMS_Firmware.list"
   text	   data	    bss	    dec	    hex	filename
  55272	    932	   6904	  63108	   f684	AMS_Firmware.elf
Finished building: default.size.stdout
 
Finished building: AMS_Firmware.list
 
23:47:46 **** Incremental Build of configuration Debug for project AMS_Firmware ****
make -j12 all 
arm-none-eabi-gcc "../Core/Src/bms.c" -mcpu=cortex-m3 -std=gnu11 -g3 -DDEBUG -DUSE_HAL_DRIVER -DSTM32F205xx -c -I../Core/Inc -I../Drivers/STM32F2xx_HAL_Driver/Inc -I../Drivers/STM32F2xx_HAL_Driver/Inc/Legacy -I../Drivers/CMSIS/Device/ST/STM32F2xx/Include -I../Drivers/CMSIS/Include -I../USB_DEVICE/App -I../USB_DEVICE/Target -I../Middlewares/ST/STM32_USB_Device_Library/Core/Inc -I../Middlewares/ST/STM32_USB_Device_Library/Class/CDC/Inc -O0 -ffunction-sections -fdata-sections -Wall -fstack-usage -fcyclomatic-complexity -MMD -MP -MF"Core/Src/bms.d" -MT"Core/Src/bms.o" --specs=nano.specs -mfloat-abi=soft -mthumb -o "Core/Src/bms.o"
../Core/Src/bms.c: In function 'convertVoltage':
../Core/Src/bms.c:216:18: warning: unused variable 'cell_min' [-Wunused-variable]
  216 |         uint16_t cell_min = cellVoltages[0];
      |                  ^~~~~~~~
../Core/Src/bms.c:215:18: warning: unused variable 'cell_max' [-Wunused-variable]
  215 |         uint16_t cell_max = cellVoltages[0];
      |                  ^~~~~~~~
arm-none-eabi-gcc -o "AMS_Firmware.elf" @"objects.list"   -mcpu=cortex-m3 -T"C:\Users\shoot\Documents\GitHub\AMS_Master_Firmware\AMS_Firmware\STM32F205RBTX_FLASH.ld" --specs=nosys.specs -Wl,-Map="AMS_Firmware.map" -Wl,--gc-sections -static --specs=nano.specs -mfloat-abi=soft -mthumb -u _printf_float -Wl,--start-group -lc -lm -Wl,--end-group
Finished building target: AMS_Firmware.elf
 
arm-none-eabi-size  AMS_Firmware.elf 
arm-none-eabi-objdump -h -S AMS_Firmware.elf  > "AMS_Firmware.list"
   text	   data	    bss	    dec	    hex	filename
  55272	    932	   6904	  63108	   f684	AMS_Firmware.elf
Finished building: default.size.stdout
 
Finished building: AMS_Firmware.list
 
23:49:32 **** Incremental Build of configuration Debug for project AMS_Firmware ****
make -j12 all 
arm-none-eabi-size  AMS_Firmware.elf 
   text	   data	    bss	    dec	    hex	filename
  55272	    932	   6904	  63108	   f684	AMS_Firmware.elf
Finished building: default.size.stdout
 
23:56:25 **** Incremental Build of configuration Debug for project AMS_Firmware ****
make -j12 all 
arm-none-eabi-gcc "../Core/Src/bms.c" -mcpu=cortex-m3 -std=gnu11 -g3 -DDEBUG -DUSE_HAL_DRIVER -DSTM32F205xx -c -I../Core/Inc -I../Drivers/STM32F2xx_HAL_Driver/Inc -I../Drivers/STM32F2xx_HAL_Driver/Inc/Legacy -I../Drivers/CMSIS/Device/ST/STM32F2xx/Include -I../Drivers/CMSIS/Include -I../USB_DEVICE/App -I../USB_DEVICE/Target -I../Middlewares/ST/STM32_USB_Device_Library/Core/Inc -I../Middlewares/ST/STM32_USB_Device_Library/Class/CDC/Inc -O0 -ffunction-sections -fdata-sections -Wall -fstack-usage -fcyclomatic-complexity -MMD -MP -MF"Core/Src/bms.d" -MT"Core/Src/bms.o" --specs=nano.specs -mfloat-abi=soft -mthumb -o "Core/Src/bms.o"
../Core/Src/bms.c: In function 'convertVoltage':
../Core/Src/bms.c:216:18: warning: unused variable 'cell_min' [-Wunused-variable]
  216 |         uint16_t cell_min = cellVoltages[0];
      |                  ^~~~~~~~
../Core/Src/bms.c:215:18: warning: unused variable 'cell_max' [-Wunused-variable]
  215 |         uint16_t cell_max = cellVoltages[0];
      |                  ^~~~~~~~
arm-none-eabi-gcc -o "AMS_Firmware.elf" @"objects.list"   -mcpu=cortex-m3 -T"C:\Users\shoot\Documents\GitHub\AMS_Master_Firmware\AMS_Firmware\STM32F205RBTX_FLASH.ld" --specs=nosys.specs -Wl,-Map="AMS_Firmware.map" -Wl,--gc-sections -static --specs=nano.specs -mfloat-abi=soft -mthumb -u _printf_float -Wl,--start-group -lc -lm -Wl,--end-group
Finished building target: AMS_Firmware.elf
 
arm-none-eabi-size  AMS_Firmware.elf 
arm-none-eabi-objdump -h -S AMS_Firmware.elf  > "AMS_Firmware.list"
   text	   data	    bss	    dec	    hex	filename
  55272	    932	   6904	  63108	   f684	AMS_Firmware.elf
Finished building: default.size.stdout
 
Finished building: AMS_Firmware.list
 
23:58:26 **** Incremental Build of configuration Debug for project AMS_Firmware ****
make -j12 all 
arm-none-eabi-size  AMS_Firmware.elf 
   text	   data	    bss	    dec	    hex	filename
  55272	    932	   6904	  63108	   f684	AMS_Firmware.elf
Finished building: default.size.stdout
 
23:59:02 **** Incremental Build of configuration Debug for project AMS_Firmware ****
make -j12 all 
arm-none-eabi-gcc "../Core/Src/bms.c" -mcpu=cortex-m3 -std=gnu11 -g3 -DDEBUG -DUSE_HAL_DRIVER -DSTM32F205xx -c -I../Core/Inc -I../Drivers/STM32F2xx_HAL_Driver/Inc -I../Drivers/STM32F2xx_HAL_Driver/Inc/Legacy -I../Drivers/CMSIS/Device/ST/STM32F2xx/Include -I../Drivers/CMSIS/Include -I../USB_DEVICE/App -I../USB_DEVICE/Target -I../Middlewares/ST/STM32_USB_Device_Library/Core/Inc -I../Middlewares/ST/STM32_USB_Device_Library/Class/CDC/Inc -O0 -ffunction-sections -fdata-sections -Wall -fstack-usage -fcyclomatic-complexity -MMD -MP -MF"Core/Src/bms.d" -MT"Core/Src/bms.o" --specs=nano.specs -mfloat-abi=soft -mthumb -o "Core/Src/bms.o"
../Core/Src/bms.c: In function 'convertVoltage':
../Core/Src/bms.c:216:18: warning: unused variable 'cell_min' [-Wunused-variable]
  216 |         uint16_t cell_min = cellVoltages[0];
      |                  ^~~~~~~~
../Core/Src/bms.c:215:18: warning: unused variable 'cell_max' [-Wunused-variable]
  215 |         uint16_t cell_max = cellVoltages[0];
      |                  ^~~~~~~~
arm-none-eabi-gcc -o "AMS_Firmware.elf" @"objects.list"   -mcpu=cortex-m3 -T"C:\Users\shoot\Documents\GitHub\AMS_Master_Firmware\AMS_Firmware\STM32F205RBTX_FLASH.ld" --specs=nosys.specs -Wl,-Map="AMS_Firmware.map" -Wl,--gc-sections -static --specs=nano.specs -mfloat-abi=soft -mthumb -u _printf_float -Wl,--start-group -lc -lm -Wl,--end-group
Finished building target: AMS_Firmware.elf
 
arm-none-eabi-size  AMS_Firmware.elf 
arm-none-eabi-objdump -h -S AMS_Firmware.elf  > "AMS_Firmware.list"
   text	   data	    bss	    dec	    hex	filename
  55272	    932	   6904	  63108	   f684	AMS_Firmware.elf
Finished building: default.size.stdout
 
Finished building: AMS_Firmware.list
 
23:59:56 **** Incremental Build of configuration Debug for project AMS_Firmware ****
make -j12 all 
arm-none-eabi-gcc "../Core/Src/bms.c" -mcpu=cortex-m3 -std=gnu11 -g3 -DDEBUG -DUSE_HAL_DRIVER -DSTM32F205xx -c -I../Core/Inc -I../Drivers/STM32F2xx_HAL_Driver/Inc -I../Drivers/STM32F2xx_HAL_Driver/Inc/Legacy -I../Drivers/CMSIS/Device/ST/STM32F2xx/Include -I../Drivers/CMSIS/Include -I../USB_DEVICE/App -I../USB_DEVICE/Target -I../Middlewares/ST/STM32_USB_Device_Library/Core/Inc -I../Middlewares/ST/STM32_USB_Device_Library/Class/CDC/Inc -O0 -ffunction-sections -fdata-sections -Wall -fstack-usage -fcyclomatic-complexity -MMD -MP -MF"Core/Src/bms.d" -MT"Core/Src/bms.o" --specs=nano.specs -mfloat-abi=soft -mthumb -o "Core/Src/bms.o"
../Core/Src/bms.c: In function 'convertVoltage':
../Core/Src/bms.c:216:18: warning: unused variable 'cell_min' [-Wunused-variable]
  216 |         uint16_t cell_min = cellVoltages[0];
      |                  ^~~~~~~~
../Core/Src/bms.c:215:18: warning: unused variable 'cell_max' [-Wunused-variable]
  215 |         uint16_t cell_max = cellVoltages[0];
      |                  ^~~~~~~~
arm-none-eabi-gcc -o "AMS_Firmware.elf" @"objects.list"   -mcpu=cortex-m3 -T"C:\Users\shoot\Documents\GitHub\AMS_Master_Firmware\AMS_Firmware\STM32F205RBTX_FLASH.ld" --specs=nosys.specs -Wl,-Map="AMS_Firmware.map" -Wl,--gc-sections -static --specs=nano.specs -mfloat-abi=soft -mthumb -u _printf_float -Wl,--start-group -lc -lm -Wl,--end-group
Finished building target: AMS_Firmware.elf
 
arm-none-eabi-size  AMS_Firmware.elf 
arm-none-eabi-objdump -h -S AMS_Firmware.elf  > "AMS_Firmware.list"
   text	   data	    bss	    dec	    hex	filename
  55272	    932	   6904	  63108	   f684	AMS_Firmware.elf
Finished building: default.size.stdout
 
Finished building: AMS_Firmware.list
 
00:01:34 **** Incremental Build of configuration Debug for project AMS_Firmware ****
make -j12 all 
arm-none-eabi-size  AMS_Firmware.elf 
   text	   data	    bss	    dec	    hex	filename
  55272	    932	   6904	  63108	   f684	AMS_Firmware.elf
Finished building: default.size.stdout
 
